TN:
SF:src\App.tsx
FN:19,(anonymous_0)
FN:20,(anonymous_1)
FN:21,(anonymous_2)
FN:22,(anonymous_3)
FN:23,(anonymous_4)
FN:24,(anonymous_5)
FN:25,(anonymous_6)
FN:26,(anonymous_7)
FN:27,(anonymous_8)
FN:28,(anonymous_9)
FN:29,(anonymous_10)
FN:30,(anonymous_11)
FN:31,(anonymous_12)
FN:32,(anonymous_13)
FN:33,(anonymous_14)
FN:34,(anonymous_15)
FN:35,(anonymous_16)
FN:36,(anonymous_17)
FN:37,(anonymous_18)
FN:38,(anonymous_19)
FN:39,(anonymous_20)
FN:40,(anonymous_21)
FN:41,(anonymous_22)
FN:42,(anonymous_23)
FN:43,(anonymous_24)
FN:44,(anonymous_25)
FN:45,(anonymous_26)
FN:46,(anonymous_27)
FN:47,(anonymous_28)
FN:48,(anonymous_29)
FN:49,(anonymous_30)
FN:50,(anonymous_31)
FN:51,(anonymous_32)
FN:52,(anonymous_33)
FN:53,(anonymous_34)
FN:54,(anonymous_35)
FN:56,(anonymous_36)
FN:58,(anonymous_37)
FN:59,(anonymous_38)
FN:60,(anonymous_39)
FN:61,(anonymous_40)
FN:62,(anonymous_41)
FN:63,(anonymous_42)
FN:64,(anonymous_43)
FN:65,(anonymous_44)
FN:66,(anonymous_45)
FN:67,(anonymous_46)
FN:68,(anonymous_47)
FN:71,(anonymous_48)
FN:72,(anonymous_49)
FN:73,(anonymous_50)
FN:76,(anonymous_51)
FN:77,(anonymous_52)
FN:78,(anonymous_53)
FN:79,(anonymous_54)
FN:80,(anonymous_55)
FN:83,(anonymous_56)
FN:86,(anonymous_57)
FN:89,(anonymous_58)
FN:90,(anonymous_59)
FN:91,(anonymous_60)
FN:94,(anonymous_61)
FN:97,(anonymous_62)
FN:98,(anonymous_63)
FN:99,(anonymous_64)
FN:100,(anonymous_65)
FN:101,(anonymous_66)
FN:102,(anonymous_67)
FN:105,(anonymous_68)
FN:120,(anonymous_69)
FN:131,(anonymous_70)
FN:146,(anonymous_71)
FNF:72
FNH:0
FNDA:0,(anonymous_0)
FNDA:0,(anonymous_1)
FNDA:0,(anonymous_2)
FNDA:0,(anonymous_3)
FNDA:0,(anonymous_4)
FNDA:0,(anonymous_5)
FNDA:0,(anonymous_6)
FNDA:0,(anonymous_7)
FNDA:0,(anonymous_8)
FNDA:0,(anonymous_9)
FNDA:0,(anonymous_10)
FNDA:0,(anonymous_11)
FNDA:0,(anonymous_12)
FNDA:0,(anonymous_13)
FNDA:0,(anonymous_14)
FNDA:0,(anonymous_15)
FNDA:0,(anonymous_16)
FNDA:0,(anonymous_17)
FNDA:0,(anonymous_18)
FNDA:0,(anonymous_19)
FNDA:0,(anonymous_20)
FNDA:0,(anonymous_21)
FNDA:0,(anonymous_22)
FNDA:0,(anonymous_23)
FNDA:0,(anonymous_24)
FNDA:0,(anonymous_25)
FNDA:0,(anonymous_26)
FNDA:0,(anonymous_27)
FNDA:0,(anonymous_28)
FNDA:0,(anonymous_29)
FNDA:0,(anonymous_30)
FNDA:0,(anonymous_31)
FNDA:0,(anonymous_32)
FNDA:0,(anonymous_33)
FNDA:0,(anonymous_34)
FNDA:0,(anonymous_35)
FNDA:0,(anonymous_36)
FNDA:0,(anonymous_37)
FNDA:0,(anonymous_38)
FNDA:0,(anonymous_39)
FNDA:0,(anonymous_40)
FNDA:0,(anonymous_41)
FNDA:0,(anonymous_42)
FNDA:0,(anonymous_43)
FNDA:0,(anonymous_44)
FNDA:0,(anonymous_45)
FNDA:0,(anonymous_46)
FNDA:0,(anonymous_47)
FNDA:0,(anonymous_48)
FNDA:0,(anonymous_49)
FNDA:0,(anonymous_50)
FNDA:0,(anonymous_51)
FNDA:0,(anonymous_52)
FNDA:0,(anonymous_53)
FNDA:0,(anonymous_54)
FNDA:0,(anonymous_55)
FNDA:0,(anonymous_56)
FNDA:0,(anonymous_57)
FNDA:0,(anonymous_58)
FNDA:0,(anonymous_59)
FNDA:0,(anonymous_60)
FNDA:0,(anonymous_61)
FNDA:0,(anonymous_62)
FNDA:0,(anonymous_63)
FNDA:0,(anonymous_64)
FNDA:0,(anonymous_65)
FNDA:0,(anonymous_66)
FNDA:0,(anonymous_67)
FNDA:0,(anonymous_68)
FNDA:0,(anonymous_69)
FNDA:0,(anonymous_70)
FNDA:0,(anonymous_71)
DA:19,0
DA:20,0
DA:21,0
DA:22,0
DA:23,0
DA:24,0
DA:25,0
DA:26,0
DA:27,0
DA:28,0
DA:29,0
DA:30,0
DA:31,0
DA:32,0
DA:33,0
DA:34,0
DA:35,0
DA:36,0
DA:37,0
DA:38,0
DA:39,0
DA:40,0
DA:41,0
DA:42,0
DA:43,0
DA:44,0
DA:45,0
DA:46,0
DA:47,0
DA:48,0
DA:49,0
DA:50,0
DA:51,0
DA:52,0
DA:53,0
DA:54,0
DA:55,0
DA:56,0
DA:58,0
DA:59,0
DA:60,0
DA:61,0
DA:62,0
DA:63,0
DA:64,0
DA:65,0
DA:66,0
DA:67,0
DA:68,0
DA:71,0
DA:72,0
DA:73,0
DA:76,0
DA:77,0
DA:78,0
DA:79,0
DA:80,0
DA:83,0
DA:86,0
DA:89,0
DA:90,0
DA:91,0
DA:94,0
DA:97,0
DA:98,0
DA:99,0
DA:100,0
DA:101,0
DA:102,0
DA:105,0
DA:106,0
DA:120,0
DA:121,0
DA:124,0
DA:127,0
DA:129,0
DA:131,0
DA:134,0
DA:146,0
DA:147,0
LF:80
LH:0
BRF:0
BRH:0
end_of_record
TN:
SF:src\main.tsx
FN:25,initializeApp
FNF:1
FNH:0
FNDA:0,initializeApp
DA:12,0
DA:26,0
DA:27,0
DA:28,0
DA:31,0
DA:34,0
DA:47,0
DA:51,0
DA:52,0
DA:54,0
LF:10
LH:0
BRDA:27,0,0,0
BRDA:27,0,1,0
BRDA:51,1,0,0
BRDA:51,1,1,0
BRF:4
BRH:0
end_of_record
TN:
SF:src\vite-env.d.ts
FNF:0
FNH:0
LF:0
LH:0
BRF:0
BRH:0
end_of_record
TN:
SF:src\components\AIArticleGenerator.tsx
FN:82,(anonymous_0)
FN:102,(anonymous_1)
FN:125,(anonymous_2)
FN:126,(anonymous_3)
FN:132,(anonymous_4)
FN:139,(anonymous_5)
FN:140,(anonymous_6)
FN:143,(anonymous_7)
FN:179,(anonymous_8)
FN:185,(anonymous_9)
FN:220,(anonymous_10)
FN:235,(anonymous_11)
FN:244,(anonymous_12)
FN:295,(anonymous_13)
FN:336,(anonymous_14)
FN:344,(anonymous_15)
FN:400,(anonymous_16)
FN:414,(anonymous_17)
FN:472,(anonymous_18)
FN:499,(anonymous_19)
FN:505,(anonymous_20)
FN:517,(anonymous_21)
FN:522,(anonymous_22)
FN:536,(anonymous_23)
FN:538,(anonymous_24)
FN:545,(anonymous_25)
FN:548,(anonymous_26)
FN:569,(anonymous_27)
FN:574,(anonymous_28)
FN:588,(anonymous_29)
FN:593,(anonymous_30)
FN:631,(anonymous_31)
FN:665,(anonymous_32)
FNF:33
FNH:0
FNDA:0,(anonymous_0)
FNDA:0,(anonymous_1)
FNDA:0,(anonymous_2)
FNDA:0,(anonymous_3)
FNDA:0,(anonymous_4)
FNDA:0,(anonymous_5)
FNDA:0,(anonymous_6)
FNDA:0,(anonymous_7)
FNDA:0,(anonymous_8)
FNDA:0,(anonymous_9)
FNDA:0,(anonymous_10)
FNDA:0,(anonymous_11)
FNDA:0,(anonymous_12)
FNDA:0,(anonymous_13)
FNDA:0,(anonymous_14)
FNDA:0,(anonymous_15)
FNDA:0,(anonymous_16)
FNDA:0,(anonymous_17)
FNDA:0,(anonymous_18)
FNDA:0,(anonymous_19)
FNDA:0,(anonymous_20)
FNDA:0,(anonymous_21)
FNDA:0,(anonymous_22)
FNDA:0,(anonymous_23)
FNDA:0,(anonymous_24)
FNDA:0,(anonymous_25)
FNDA:0,(anonymous_26)
FNDA:0,(anonymous_27)
FNDA:0,(anonymous_28)
FNDA:0,(anonymous_29)
FNDA:0,(anonymous_30)
FNDA:0,(anonymous_31)
FNDA:0,(anonymous_32)
DA:82,0
DA:83,0
DA:84,0
DA:85,0
DA:86,0
DA:87,0
DA:88,0
DA:89,0
DA:91,0
DA:102,0
DA:103,0
DA:106,0
DA:112,0
DA:119,0
DA:125,0
DA:126,0
DA:132,0
DA:133,0
DA:134,0
DA:135,0
DA:139,0
DA:140,0
DA:143,0
DA:144,0
DA:145,0
DA:146,0
DA:149,0
DA:150,0
DA:152,0
DA:156,0
DA:157,0
DA:158,0
DA:161,0
DA:162,0
DA:163,0
DA:167,0
DA:170,0
DA:171,0
DA:175,0
DA:179,0
DA:180,0
DA:181,0
DA:185,0
DA:186,0
DA:187,0
DA:189,0
DA:200,0
DA:201,0
DA:202,0
DA:205,0
DA:206,0
DA:208,0
DA:211,0
DA:212,0
DA:216,0
DA:220,0
DA:221,0
DA:222,0
DA:223,0
DA:224,0
DA:227,0
DA:232,0
DA:235,0
DA:236,0
DA:237,0
DA:238,0
DA:239,0
DA:240,0
DA:244,0
DA:245,0
DA:246,0
DA:247,0
DA:248,0
DA:249,0
DA:253,0
DA:295,0
DA:337,0
DA:344,0
DA:401,0
DA:415,0
DA:472,0
DA:499,0
DA:505,0
DA:517,0
DA:523,0
DA:536,0
DA:538,0
DA:546,0
DA:548,0
DA:569,0
DA:575,0
DA:588,0
DA:594,0
DA:631,0
DA:665,0
LF:95
LH:0
BRDA:133,0,0,0
BRDA:133,0,1,0
BRDA:133,1,0,0
BRDA:133,1,1,0
BRDA:144,2,0,0
BRDA:144,2,1,0
BRDA:156,3,0,0
BRDA:156,3,1,0
BRDA:158,4,0,0
BRDA:158,4,1,0
BRDA:161,5,0,0
BRDA:161,5,1,0
BRDA:167,6,0,0
BRDA:167,6,1,0
BRDA:172,7,0,0
BRDA:172,7,1,0
BRDA:180,8,0,0
BRDA:180,8,1,0
BRDA:185,9,0,0
BRDA:185,10,0,0
BRDA:200,11,0,0
BRDA:200,11,1,0
BRDA:202,12,0,0
BRDA:202,12,1,0
BRDA:205,13,0,0
BRDA:205,13,1,0
BRDA:208,14,0,0
BRDA:208,14,1,0
BRDA:213,15,0,0
BRDA:213,15,1,0
BRDA:232,16,0,0
BRDA:232,16,1,0
BRDA:236,17,0,0
BRDA:236,17,1,0
BRDA:236,17,2,0
BRDA:236,17,3,0
BRDA:245,18,0,0
BRDA:245,18,1,0
BRDA:245,18,2,0
BRDA:245,18,3,0
BRDA:299,19,0,0
BRDA:299,19,1,0
BRDA:305,20,0,0
BRDA:305,20,1,0
BRDA:312,21,0,0
BRDA:312,21,1,0
BRDA:340,22,0,0
BRDA:340,22,1,0
BRDA:382,23,0,0
BRDA:382,23,1,0
BRDA:435,24,0,0
BRDA:435,24,1,0
BRDA:538,25,0,0
BRDA:538,25,1,0
BRDA:635,26,0,0
BRDA:635,26,1,0
BRDA:681,27,0,0
BRDA:681,27,1,0
BRDA:684,28,0,0
BRDA:684,28,1,0
BRDA:697,29,0,0
BRDA:697,29,1,0
BRF:62
BRH:0
end_of_record
TN:
SF:src\components\AIConfigurationManager.tsx
FN:19,AIConfigurationManager
FN:46,(anonymous_1)
FN:60,(anonymous_2)
FN:64,(anonymous_3)
FN:72,(anonymous_4)
FN:81,(anonymous_5)
FN:83,(anonymous_6)
FN:195,(anonymous_7)
FN:204,(anonymous_8)
FN:209,(anonymous_9)
FN:226,(anonymous_10)
FN:234,(anonymous_11)
FN:260,(anonymous_12)
FN:277,(anonymous_13)
FN:285,(anonymous_14)
FN:341,(anonymous_15)
FN:351,(anonymous_16)
FN:365,(anonymous_17)
FN:366,(anonymous_18)
FN:376,(anonymous_19)
FN:389,(anonymous_20)
FN:390,(anonymous_21)
FN:408,(anonymous_22)
FN:423,(anonymous_23)
FNF:24
FNH:0
FNDA:0,AIConfigurationManager
FNDA:0,(anonymous_1)
FNDA:0,(anonymous_2)
FNDA:0,(anonymous_3)
FNDA:0,(anonymous_4)
FNDA:0,(anonymous_5)
FNDA:0,(anonymous_6)
FNDA:0,(anonymous_7)
FNDA:0,(anonymous_8)
FNDA:0,(anonymous_9)
FNDA:0,(anonymous_10)
FNDA:0,(anonymous_11)
FNDA:0,(anonymous_12)
FNDA:0,(anonymous_13)
FNDA:0,(anonymous_14)
FNDA:0,(anonymous_15)
FNDA:0,(anonymous_16)
FNDA:0,(anonymous_17)
FNDA:0,(anonymous_18)
FNDA:0,(anonymous_19)
FNDA:0,(anonymous_20)
FNDA:0,(anonymous_21)
FNDA:0,(anonymous_22)
FNDA:0,(anonymous_23)
DA:20,0
DA:21,0
DA:22,0
DA:23,0
DA:24,0
DA:25,0
DA:26,0
DA:36,0
DA:37,0
DA:44,0
DA:46,0
DA:47,0
DA:48,0
DA:49,0
DA:60,0
DA:61,0
DA:62,0
DA:63,0
DA:64,0
DA:65,0
DA:66,0
DA:67,0
DA:72,0
DA:73,0
DA:74,0
DA:76,0
DA:77,0
DA:78,0
DA:81,0
DA:83,0
DA:84,0
DA:85,0
DA:86,0
DA:88,0
DA:89,0
DA:93,0
DA:100,0
DA:102,0
DA:103,0
DA:108,0
DA:112,0
DA:115,0
DA:116,0
DA:120,0
DA:124,0
DA:128,0
DA:195,0
DA:204,0
DA:209,0
DA:226,0
DA:234,0
DA:261,0
DA:277,0
DA:285,0
DA:342,0
DA:352,0
DA:366,0
DA:377,0
DA:390,0
DA:409,0
DA:423,0
LF:61
LH:0
BRDA:36,0,0,0
BRDA:36,0,1,0
BRDA:36,1,0,0
BRDA:36,1,1,0
BRDA:62,2,0,0
BRDA:62,2,1,0
BRDA:74,3,0,0
BRDA:74,3,1,0
BRDA:76,4,0,0
BRDA:76,4,1,0
BRDA:77,5,0,0
BRDA:77,5,1,0
BRDA:84,6,0,0
BRDA:84,6,1,0
BRDA:100,7,0,0
BRDA:100,7,1,0
BRDA:102,8,0,0
BRDA:102,8,1,0
BRDA:112,9,0,0
BRDA:112,9,1,0
BRDA:112,9,2,0
BRDA:118,10,0,0
BRDA:118,10,1,0
BRDA:239,11,0,0
BRDA:239,11,1,0
BRDA:239,11,2,0
BRDA:240,12,0,0
BRDA:240,12,1,0
BRDA:296,13,0,0
BRDA:296,13,1,0
BRDA:297,14,0,0
BRDA:297,14,1,0
BRDA:299,15,0,0
BRDA:299,15,1,0
BRDA:308,16,0,0
BRDA:308,16,1,0
BRDA:327,17,0,0
BRDA:327,17,1,0
BRDA:346,18,0,0
BRDA:346,18,1,0
BRDA:347,19,0,0
BRDA:347,19,1,0
BRDA:348,20,0,0
BRDA:348,20,1,0
BRDA:349,21,0,0
BRDA:349,21,1,0
BRDA:349,21,2,0
BRDA:349,21,3,0
BRDA:356,22,0,0
BRDA:356,22,1,0
BRDA:362,23,0,0
BRDA:362,23,1,0
BRDA:362,24,0,0
BRDA:362,24,1,0
BRDA:401,25,0,0
BRDA:401,25,1,0
BRDA:402,26,0,0
BRDA:402,26,1,0
BRDA:406,27,0,0
BRDA:406,27,1,0
BRDA:406,27,2,0
BRDA:410,28,0,0
BRDA:410,28,1,0
BRDA:417,29,0,0
BRDA:417,29,1,0
BRDA:424,30,0,0
BRDA:424,30,1,0
BRDA:426,31,0,0
BRDA:426,31,1,0
BRDA:428,32,0,0
BRDA:428,32,1,0
BRDA:442,33,0,0
BRDA:442,33,1,0
BRF:73
BRH:0
end_of_record
TN:
SF:src\components\AICrawler.tsx
FN:44,(anonymous_0)
FN:50,(anonymous_1)
FN:107,(anonymous_2)
FN:109,(anonymous_3)
FN:162,(anonymous_4)
FN:171,(anonymous_5)
FN:211,(anonymous_6)
FN:227,(anonymous_7)
FNF:8
FNH:0
FNDA:0,(anonymous_0)
FNDA:0,(anonymous_1)
FNDA:0,(anonymous_2)
FNDA:0,(anonymous_3)
FNDA:0,(anonymous_4)
FNDA:0,(anonymous_5)
FNDA:0,(anonymous_6)
FNDA:0,(anonymous_7)
DA:44,0
DA:45,0
DA:46,0
DA:47,0
DA:48,0
DA:50,0
DA:51,0
DA:52,0
DA:55,0
DA:107,0
DA:109,0
DA:110,0
DA:111,0
DA:121,0
DA:124,0
DA:125,0
DA:127,0
DA:128,0
DA:130,0
DA:137,0
DA:139,0
DA:140,0
DA:143,0
DA:145,0
DA:146,0
DA:158,0
DA:162,0
DA:163,0
DA:164,0
DA:171,0
DA:172,0
DA:173,0
DA:178,0
DA:211,0
DA:228,0
DA:229,0
LF:36
LH:0
BRDA:110,0,0,0
BRDA:110,0,1,0
BRDA:110,1,0,0
BRDA:110,1,1,0
BRDA:139,2,0,0
BRDA:139,2,1,0
BRDA:155,3,0,0
BRDA:155,3,1,0
BRDA:163,4,0,0
BRDA:163,4,1,0
BRDA:164,5,0,0
BRDA:164,5,1,0
BRDA:172,6,0,0
BRDA:172,6,1,0
BRDA:173,7,0,0
BRDA:173,7,1,0
BRDA:243,8,0,0
BRDA:243,8,1,0
BRDA:264,9,0,0
BRDA:264,9,1,0
BRDA:264,9,2,0
BRDA:268,10,0,0
BRDA:268,10,1,0
BRDA:284,11,0,0
BRDA:284,11,1,0
BRDA:294,12,0,0
BRDA:294,12,1,0
BRDA:299,13,0,0
BRDA:299,13,1,0
BRDA:308,14,0,0
BRDA:308,14,1,0
BRF:31
BRH:0
end_of_record
TN:
SF:src\components\AIEnhancementManager.tsx
FN:54,AIEnhancementManager
FN:68,(anonymous_1)
FN:109,(anonymous_2)
FN:119,(anonymous_3)
FN:131,(anonymous_4)
FN:176,(anonymous_5)
FN:177,(anonymous_6)
FN:186,(anonymous_7)
FN:191,(anonymous_8)
FN:194,(anonymous_9)
FN:298,(anonymous_10)
FN:311,(anonymous_11)
FN:325,(anonymous_12)
FN:375,(anonymous_13)
FN:409,(anonymous_14)
FNF:15
FNH:0
FNDA:0,AIEnhancementManager
FNDA:0,(anonymous_1)
FNDA:0,(anonymous_2)
FNDA:0,(anonymous_3)
FNDA:0,(anonymous_4)
FNDA:0,(anonymous_5)
FNDA:0,(anonymous_6)
FNDA:0,(anonymous_7)
FNDA:0,(anonymous_8)
FNDA:0,(anonymous_9)
FNDA:0,(anonymous_10)
FNDA:0,(anonymous_11)
FNDA:0,(anonymous_12)
FNDA:0,(anonymous_13)
FNDA:0,(anonymous_14)
DA:55,0
DA:62,0
DA:63,0
DA:64,0
DA:65,0
DA:68,0
DA:69,0
DA:71,0
DA:77,0
DA:84,0
DA:92,0
DA:93,0
DA:95,0
DA:103,0
DA:104,0
DA:109,0
DA:110,0
DA:111,0
DA:118,0
DA:119,0
DA:123,0
DA:126,0
DA:131,0
DA:132,0
DA:133,0
DA:135,0
DA:136,0
DA:140,0
DA:147,0
DA:148,0
DA:151,0
DA:153,0
DA:154,0
DA:158,0
DA:164,0
DA:167,0
DA:168,0
DA:172,0
DA:176,0
DA:177,0
DA:178,0
DA:179,0
DA:180,0
DA:183,0
DA:186,0
DA:187,0
DA:188,0
DA:191,0
DA:194,0
DA:195,0
DA:196,0
DA:198,0
DA:199,0
DA:201,0
DA:202,0
DA:204,0
DA:207,0
DA:208,0
DA:226,0
DA:298,0
DA:311,0
DA:325,0
DA:376,0
DA:410,0
LF:64
LH:0
BRDA:92,0,0,0
BRDA:92,0,1,0
BRDA:92,1,0,0
BRDA:92,1,1,0
BRDA:93,2,0,0
BRDA:93,2,1,0
BRDA:93,3,0,0
BRDA:93,3,1,0
BRDA:96,4,0,0
BRDA:96,4,1,0
BRDA:97,5,0,0
BRDA:97,5,1,0
BRDA:99,6,0,0
BRDA:99,6,1,0
BRDA:118,7,0,0
BRDA:118,7,1,0
BRDA:121,8,0,0
BRDA:121,8,1,0
BRDA:121,8,2,0
BRDA:131,9,0,0
BRDA:147,10,0,0
BRDA:147,10,1,0
BRDA:153,11,0,0
BRDA:153,11,1,0
BRDA:195,12,0,0
BRDA:195,12,1,0
BRDA:195,13,0,0
BRDA:195,13,1,0
BRDA:198,14,0,0
BRDA:198,14,1,0
BRDA:198,15,0,0
BRDA:198,15,1,0
BRDA:201,16,0,0
BRDA:201,16,1,0
BRDA:201,17,0,0
BRDA:201,17,1,0
BRDA:207,18,0,0
BRDA:207,18,1,0
BRDA:302,19,0,0
BRDA:302,19,1,0
BRDA:316,20,0,0
BRDA:316,20,1,0
BRDA:335,21,0,0
BRDA:335,21,1,0
BRDA:344,22,0,0
BRDA:344,22,1,0
BRDA:348,23,0,0
BRDA:348,23,1,0
BRDA:371,24,0,0
BRDA:371,24,1,0
BRDA:371,24,2,0
BRDA:378,25,0,0
BRDA:378,25,1,0
BRDA:405,26,0,0
BRDA:405,26,1,0
BRDA:414,27,0,0
BRDA:414,27,1,0
BRDA:419,28,0,0
BRDA:419,28,1,0
BRF:59
BRH:0
end_of_record
TN:
SF:src\components\AIWriteup.tsx
FN:11,AIWriteup
FN:17,(anonymous_1)
FNF:2
FNH:0
FNDA:0,AIWriteup
FNDA:0,(anonymous_1)
DA:17,0
DA:18,0
DA:27,0
LF:3
LH:0
BRDA:40,0,0,0
BRDA:40,0,1,0
BRF:2
BRH:0
end_of_record
TN:
SF:src\components\AccessibleLoadingSpinner.tsx
FN:14,AccessibleLoadingSpinner
FNF:1
FNH:0
FNDA:0,AccessibleLoadingSpinner
DA:19,0
DA:21,0
DA:27,0
LF:3
LH:0
BRDA:15,0,0,0
BRDA:17,1,0,0
BRDA:38,2,0,0
BRDA:38,2,1,0
BRF:4
BRH:0
end_of_record
TN:
SF:src\components\AccessibleSkipLink.tsx
FN:12,AccessibleSkipLink
FN:25,(anonymous_1)
FNF:2
FNH:0
FNDA:0,AccessibleSkipLink
FNDA:0,(anonymous_1)
DA:13,0
DA:27,0
LF:2
LH:0
BRF:0
BRH:0
end_of_record
TN:
SF:src\components\ActivityLogViewer.tsx
FN:44,ActivityLogViewer
FN:54,(anonymous_1)
FN:73,(anonymous_2)
FN:82,(anonymous_3)
FN:89,(anonymous_4)
FN:99,(anonymous_5)
FN:104,(anonymous_6)
FN:111,(anonymous_7)
FN:112,(anonymous_8)
FN:116,(anonymous_9)
FN:117,(anonymous_10)
FN:121,(anonymous_11)
FN:134,(anonymous_12)
FN:149,(anonymous_13)
FN:155,(anonymous_14)
FN:199,(anonymous_15)
FN:210,(anonymous_16)
FN:224,(anonymous_17)
FN:256,(anonymous_18)
FN:265,(anonymous_19)
FN:274,(anonymous_20)
FN:308,(anonymous_21)
FNF:22
FNH:0
FNDA:0,ActivityLogViewer
FNDA:0,(anonymous_1)
FNDA:0,(anonymous_2)
FNDA:0,(anonymous_3)
FNDA:0,(anonymous_4)
FNDA:0,(anonymous_5)
FNDA:0,(anonymous_6)
FNDA:0,(anonymous_7)
FNDA:0,(anonymous_8)
FNDA:0,(anonymous_9)
FNDA:0,(anonymous_10)
FNDA:0,(anonymous_11)
FNDA:0,(anonymous_12)
FNDA:0,(anonymous_13)
FNDA:0,(anonymous_14)
FNDA:0,(anonymous_15)
FNDA:0,(anonymous_16)
FNDA:0,(anonymous_17)
FNDA:0,(anonymous_18)
FNDA:0,(anonymous_19)
FNDA:0,(anonymous_20)
FNDA:0,(anonymous_21)
DA:45,0
DA:46,0
DA:47,0
DA:48,0
DA:49,0
DA:52,0
DA:55,0
DA:56,0
DA:57,0
DA:59,0
DA:71,0
DA:73,0
DA:82,0
DA:83,0
DA:86,0
DA:87,0
DA:88,0
DA:90,0
DA:98,0
DA:99,0
DA:103,0
DA:104,0
DA:107,0
DA:111,0
DA:112,0
DA:113,0
DA:116,0
DA:117,0
DA:118,0
DA:121,0
DA:122,0
DA:134,0
DA:135,0
DA:142,0
DA:149,0
DA:150,0
DA:152,0
DA:154,0
DA:155,0
DA:156,0
DA:157,0
DA:159,0
DA:160,0
DA:165,0
DA:168,0
DA:199,0
DA:211,0
DA:225,0
DA:256,0
DA:265,0
DA:274,0
DA:309,0
LF:52
LH:0
BRDA:52,0,0,0
BRDA:55,1,0,0
BRDA:55,1,1,0
BRDA:55,2,0,0
BRDA:55,2,1,0
BRDA:71,3,0,0
BRDA:71,3,1,0
BRDA:73,4,0,0
BRDA:73,4,1,0
BRDA:75,5,0,0
BRDA:75,5,1,0
BRDA:86,6,0,0
BRDA:86,6,1,0
BRDA:90,7,0,0
BRDA:90,7,1,0
BRDA:90,7,2,0
BRDA:90,7,3,0
BRDA:98,8,0,0
BRDA:98,8,1,0
BRDA:103,9,0,0
BRDA:103,9,1,0
BRDA:143,10,0,0
BRDA:143,10,1,0
BRDA:150,11,0,0
BRDA:150,11,1,0
BRDA:150,12,0,0
BRDA:150,12,1,0
BRDA:154,13,0,0
BRDA:154,13,1,0
BRDA:159,14,0,0
BRDA:159,14,1,0
BRDA:160,15,0,0
BRDA:160,15,1,0
BRDA:160,16,0,0
BRDA:160,16,1,0
BRDA:165,17,0,0
BRDA:165,17,1,0
BRDA:183,18,0,0
BRDA:183,18,1,0
BRDA:186,19,0,0
BRDA:186,19,1,0
BRDA:295,20,0,0
BRDA:295,20,1,0
BRDA:301,21,0,0
BRDA:301,21,1,0
BRDA:324,22,0,0
BRDA:324,22,1,0
BRDA:327,23,0,0
BRDA:327,23,1,0
BRDA:341,24,0,0
BRDA:341,24,1,0
BRF:51
BRH:0
end_of_record
TN:
SF:src\components\AdBanner.tsx
FN:12,AdBanner
FN:29,(anonymous_1)
FN:39,(anonymous_2)
FNF:3
FNH:0
FNDA:0,AdBanner
FNDA:0,(anonymous_1)
FNDA:0,(anonymous_2)
DA:13,0
DA:16,0
DA:25,0
DA:26,0
DA:29,0
DA:31,0
DA:34,0
DA:35,0
DA:39,0
DA:40,0
DA:42,0
DA:44,0
DA:46,0
DA:48,0
DA:52,0
LF:15
LH:0
BRDA:12,0,0,0
BRDA:17,1,0,0
BRDA:17,1,1,0
BRDA:18,2,0,0
BRDA:18,2,1,0
BRDA:25,3,0,0
BRDA:25,3,1,0
BRDA:25,4,0,0
BRDA:25,4,1,0
BRDA:34,5,0,0
BRDA:34,5,1,0
BRDA:40,6,0,0
BRDA:40,6,1,0
BRDA:40,6,2,0
BRDA:40,6,3,0
BRDA:61,7,0,0
BRDA:61,7,1,0
BRDA:67,8,0,0
BRDA:67,8,1,0
BRDA:72,9,0,0
BRDA:72,9,1,0
BRDA:77,10,0,0
BRDA:77,10,1,0
BRDA:84,11,0,0
BRDA:84,11,1,0
BRDA:88,12,0,0
BRDA:88,12,1,0
BRDA:90,13,0,0
BRDA:90,13,1,0
BRF:29
BRH:0
end_of_record
TN:
SF:src\components\AddToCalendarButton.tsx
FN:32,AddToCalendarButton
FN:64,(anonymous_1)
FN:74,(anonymous_2)
FN:84,(anonymous_3)
FN:95,(anonymous_4)
FNF:5
FNH:0
FNDA:0,AddToCalendarButton
FNDA:0,(anonymous_1)
FNDA:0,(anonymous_2)
FNDA:0,(anonymous_3)
FNDA:0,(anonymous_4)
DA:44,0
DA:46,0
DA:64,0
DA:74,0
DA:84,0
DA:95,0
LF:6
LH:0
BRDA:34,0,0,0
BRDA:35,1,0,0
BRDA:36,2,0,0
BRDA:37,3,0,0
BRDA:52,4,0,0
BRDA:52,4,1,0
BRF:6
BRH:0
end_of_record
TN:
SF:src\components\AdminAnalyticsDashboard.tsx
FN:51,AdminAnalyticsDashboard
FN:69,(anonymous_1)
FN:73,(anonymous_2)
FN:107,(anonymous_3)
FN:113,(anonymous_4)
FN:116,(anonymous_5)
FN:126,(anonymous_6)
FN:133,(anonymous_7)
FN:146,(anonymous_8)
FN:153,(anonymous_9)
FN:161,(anonymous_10)
FN:166,(anonymous_11)
FN:171,(anonymous_12)
FN:176,(anonymous_13)
FN:178,(anonymous_14)
FN:209,(anonymous_15)
FN:340,(anonymous_16)
FN:345,(anonymous_17)
FN:400,(anonymous_18)
FN:458,(anonymous_19)
FN:463,(anonymous_20)
FN:479,(anonymous_21)
FNF:22
FNH:0
FNDA:0,AdminAnalyticsDashboard
FNDA:0,(anonymous_1)
FNDA:0,(anonymous_2)
FNDA:0,(anonymous_3)
FNDA:0,(anonymous_4)
FNDA:0,(anonymous_5)
FNDA:0,(anonymous_6)
FNDA:0,(anonymous_7)
FNDA:0,(anonymous_8)
FNDA:0,(anonymous_9)
FNDA:0,(anonymous_10)
FNDA:0,(anonymous_11)
FNDA:0,(anonymous_12)
FNDA:0,(anonymous_13)
FNDA:0,(anonymous_14)
FNDA:0,(anonymous_15)
FNDA:0,(anonymous_16)
FNDA:0,(anonymous_17)
FNDA:0,(anonymous_18)
FNDA:0,(anonymous_19)
FNDA:0,(anonymous_20)
FNDA:0,(anonymous_21)
DA:49,0
DA:52,0
DA:53,0
DA:66,0
DA:67,0
DA:69,0
DA:70,0
DA:73,0
DA:74,0
DA:75,0
DA:77,0
DA:78,0
DA:79,0
DA:82,0
DA:88,0
DA:91,0
DA:96,0
DA:99,0
DA:104,0
DA:107,0
DA:108,0
DA:109,0
DA:110,0
DA:113,0
DA:116,0
DA:117,0
DA:118,0
DA:119,0
DA:121,0
DA:122,0
DA:123,0
DA:126,0
DA:133,0
DA:134,0
DA:135,0
DA:136,0
DA:138,0
DA:139,0
DA:140,0
DA:141,0
DA:143,0
DA:146,0
DA:153,0
DA:154,0
DA:155,0
DA:156,0
DA:157,0
DA:160,0
DA:161,0
DA:166,0
DA:170,0
DA:171,0
DA:172,0
DA:175,0
DA:177,0
DA:178,0
DA:184,0
DA:198,0
DA:199,0
DA:205,0
DA:209,0
DA:210,0
DA:212,0
DA:213,0
DA:214,0
DA:215,0
DA:216,0
DA:217,0
DA:218,0
DA:219,0
DA:220,0
DA:221,0
DA:223,0
DA:228,0
DA:236,0
DA:341,0
DA:345,0
DA:401,0
DA:458,0
DA:464,0
DA:480,0
LF:81
LH:0
BRDA:78,0,0,0
BRDA:78,0,1,0
BRDA:78,1,0,0
BRDA:78,1,1,0
BRDA:88,2,0,0
BRDA:88,2,1,0
BRDA:96,3,0,0
BRDA:96,3,1,0
BRDA:104,4,0,0
BRDA:104,4,1,0
BRDA:107,5,0,0
BRDA:107,5,1,0
BRDA:109,6,0,0
BRDA:109,6,1,0
BRDA:116,7,0,0
BRDA:116,7,1,0
BRDA:118,8,0,0
BRDA:118,8,1,0
BRDA:122,9,0,0
BRDA:122,9,1,0
BRDA:133,10,0,0
BRDA:133,10,1,0
BRDA:135,11,0,0
BRDA:135,11,1,0
BRDA:138,12,0,0
BRDA:138,12,1,0
BRDA:139,13,0,0
BRDA:139,13,1,0
BRDA:140,14,0,0
BRDA:140,14,1,0
BRDA:141,15,0,0
BRDA:141,15,1,0
BRDA:153,16,0,0
BRDA:153,16,1,0
BRDA:154,17,0,0
BRDA:154,17,1,0
BRDA:156,18,0,0
BRDA:156,18,1,0
BRDA:171,19,0,0
BRDA:171,19,1,0
BRDA:176,20,0,0
BRDA:176,20,1,0
BRDA:185,21,0,0
BRDA:185,21,1,0
BRDA:186,22,0,0
BRDA:186,22,1,0
BRDA:187,23,0,0
BRDA:187,23,1,0
BRDA:193,24,0,0
BRDA:193,24,1,0
BRDA:254,25,0,0
BRDA:254,25,1,0
BRDA:343,26,0,0
BRDA:343,26,1,0
BRDA:482,27,0,0
BRDA:482,27,1,0
BRDA:483,28,0,0
BRDA:483,28,1,0
BRDA:484,29,0,0
BRDA:484,29,1,0
BRF:60
BRH:0
end_of_record
TN:
SF:src\components\AdminApplicationSettings.tsx
FN:83,AdminApplicationSettings
FN:140,(anonymous_1)
FN:161,(anonymous_2)
FN:169,(anonymous_3)
FN:188,(anonymous_4)
FN:254,(anonymous_5)
FN:254,(anonymous_6)
FN:262,(anonymous_7)
FN:262,(anonymous_8)
FN:272,(anonymous_9)
FN:272,(anonymous_10)
FN:280,(anonymous_11)
FN:280,(anonymous_12)
FN:296,(anonymous_13)
FN:296,(anonymous_14)
FN:304,(anonymous_15)
FN:331,(anonymous_16)
FN:331,(anonymous_17)
FN:339,(anonymous_18)
FN:339,(anonymous_19)
FN:352,(anonymous_20)
FN:352,(anonymous_21)
FN:360,(anonymous_22)
FN:360,(anonymous_23)
FN:365,(anonymous_24)
FN:365,(anonymous_25)
FN:385,(anonymous_26)
FN:385,(anonymous_27)
FN:394,(anonymous_28)
FN:394,(anonymous_29)
FN:400,(anonymous_30)
FN:430,(anonymous_31)
FN:430,(anonymous_32)
FN:443,(anonymous_33)
FN:443,(anonymous_34)
FN:456,(anonymous_35)
FN:456,(anonymous_36)
FN:469,(anonymous_37)
FN:469,(anonymous_38)
FN:475,(anonymous_39)
FN:505,(anonymous_40)
FN:505,(anonymous_41)
FN:518,(anonymous_42)
FN:518,(anonymous_43)
FN:531,(anonymous_44)
FN:531,(anonymous_45)
FN:544,(anonymous_46)
FN:544,(anonymous_47)
FN:550,(anonymous_48)
FN:577,(anonymous_49)
FN:577,(anonymous_50)
FN:586,(anonymous_51)
FN:586,(anonymous_52)
FN:601,(anonymous_53)
FN:601,(anonymous_54)
FN:614,(anonymous_55)
FN:614,(anonymous_56)
FN:627,(anonymous_57)
FN:627,(anonymous_58)
FN:633,(anonymous_59)
FN:660,(anonymous_60)
FN:660,(anonymous_61)
FN:669,(anonymous_62)
FN:669,(anonymous_63)
FN:684,(anonymous_64)
FN:684,(anonymous_65)
FN:697,(anonymous_66)
FN:697,(anonymous_67)
FN:703,(anonymous_68)
FN:733,(anonymous_69)
FN:733,(anonymous_70)
FN:746,(anonymous_71)
FN:746,(anonymous_72)
FN:759,(anonymous_73)
FN:759,(anonymous_74)
FN:772,(anonymous_75)
FN:772,(anonymous_76)
FN:778,(anonymous_77)
FN:805,(anonymous_78)
FN:805,(anonymous_79)
FN:814,(anonymous_80)
FN:814,(anonymous_81)
FN:829,(anonymous_82)
FN:829,(anonymous_83)
FN:842,(anonymous_84)
FN:842,(anonymous_85)
FN:848,(anonymous_86)
FNF:87
FNH:0
FNDA:0,AdminApplicationSettings
FNDA:0,(anonymous_1)
FNDA:0,(anonymous_2)
FNDA:0,(anonymous_3)
FNDA:0,(anonymous_4)
FNDA:0,(anonymous_5)
FNDA:0,(anonymous_6)
FNDA:0,(anonymous_7)
FNDA:0,(anonymous_8)
FNDA:0,(anonymous_9)
FNDA:0,(anonymous_10)
FNDA:0,(anonymous_11)
FNDA:0,(anonymous_12)
FNDA:0,(anonymous_13)
FNDA:0,(anonymous_14)
FNDA:0,(anonymous_15)
FNDA:0,(anonymous_16)
FNDA:0,(anonymous_17)
FNDA:0,(anonymous_18)
FNDA:0,(anonymous_19)
FNDA:0,(anonymous_20)
FNDA:0,(anonymous_21)
FNDA:0,(anonymous_22)
FNDA:0,(anonymous_23)
FNDA:0,(anonymous_24)
FNDA:0,(anonymous_25)
FNDA:0,(anonymous_26)
FNDA:0,(anonymous_27)
FNDA:0,(anonymous_28)
FNDA:0,(anonymous_29)
FNDA:0,(anonymous_30)
FNDA:0,(anonymous_31)
FNDA:0,(anonymous_32)
FNDA:0,(anonymous_33)
FNDA:0,(anonymous_34)
FNDA:0,(anonymous_35)
FNDA:0,(anonymous_36)
FNDA:0,(anonymous_37)
FNDA:0,(anonymous_38)
FNDA:0,(anonymous_39)
FNDA:0,(anonymous_40)
FNDA:0,(anonymous_41)
FNDA:0,(anonymous_42)
FNDA:0,(anonymous_43)
FNDA:0,(anonymous_44)
FNDA:0,(anonymous_45)
FNDA:0,(anonymous_46)
FNDA:0,(anonymous_47)
FNDA:0,(anonymous_48)
FNDA:0,(anonymous_49)
FNDA:0,(anonymous_50)
FNDA:0,(anonymous_51)
FNDA:0,(anonymous_52)
FNDA:0,(anonymous_53)
FNDA:0,(anonymous_54)
FNDA:0,(anonymous_55)
FNDA:0,(anonymous_56)
FNDA:0,(anonymous_57)
FNDA:0,(anonymous_58)
FNDA:0,(anonymous_59)
FNDA:0,(anonymous_60)
FNDA:0,(anonymous_61)
FNDA:0,(anonymous_62)
FNDA:0,(anonymous_63)
FNDA:0,(anonymous_64)
FNDA:0,(anonymous_65)
FNDA:0,(anonymous_66)
FNDA:0,(anonymous_67)
FNDA:0,(anonymous_68)
FNDA:0,(anonymous_69)
FNDA:0,(anonymous_70)
FNDA:0,(anonymous_71)
FNDA:0,(anonymous_72)
FNDA:0,(anonymous_73)
FNDA:0,(anonymous_74)
FNDA:0,(anonymous_75)
FNDA:0,(anonymous_76)
FNDA:0,(anonymous_77)
FNDA:0,(anonymous_78)
FNDA:0,(anonymous_79)
FNDA:0,(anonymous_80)
FNDA:0,(anonymous_81)
FNDA:0,(anonymous_82)
FNDA:0,(anonymous_83)
FNDA:0,(anonymous_84)
FNDA:0,(anonymous_85)
FNDA:0,(anonymous_86)
DA:84,0
DA:85,0
DA:86,0
DA:140,0
DA:141,0
DA:142,0
DA:144,0
DA:146,0
DA:151,0
DA:157,0
DA:161,0
DA:163,0
DA:169,0
DA:171,0
DA:172,0
DA:173,0
DA:174,0
DA:176,0
DA:181,0
DA:188,0
DA:254,0
DA:262,0
DA:272,0
DA:280,0
DA:296,0
DA:304,0
DA:331,0
DA:339,0
DA:352,0
DA:360,0
DA:365,0
DA:385,0
DA:394,0
DA:400,0
DA:430,0
DA:443,0
DA:456,0
DA:469,0
DA:475,0
DA:505,0
DA:518,0
DA:531,0
DA:544,0
DA:550,0
DA:577,0
DA:586,0
DA:601,0
DA:614,0
DA:627,0
DA:633,0
DA:660,0
DA:669,0
DA:684,0
DA:697,0
DA:703,0
DA:733,0
DA:746,0
DA:759,0
DA:772,0
DA:778,0
DA:805,0
DA:814,0
DA:829,0
DA:842,0
DA:848,0
LF:65
LH:0
BRDA:148,0,0,0
BRDA:148,0,1,0
BRDA:172,1,0,0
BRDA:172,1,1,0
BRDA:189,2,0,0
BRDA:189,2,1,0
BRDA:299,3,0,0
BRDA:299,3,1,0
BRDA:577,4,0,0
BRDA:577,4,1,0
BRDA:586,5,0,0
BRDA:586,5,1,0
BRDA:805,6,0,0
BRDA:805,6,1,0
BRDA:814,7,0,0
BRDA:814,7,1,0
BRF:16
BRH:0
end_of_record
TN:
SF:src\components\AdminCleanupControls.tsx
FN:22,AdminCleanupControls
FN:29,(anonymous_1)
FN:91,(anonymous_2)
FNF:3
FNH:0
FNDA:0,AdminCleanupControls
FNDA:0,(anonymous_1)
FNDA:0,(anonymous_2)
DA:23,0
DA:24,0
DA:25,0
DA:26,0
DA:27,0
DA:29,0
DA:30,0
DA:31,0
DA:32,0
DA:39,0
DA:41,0
DA:43,0
DA:50,0
DA:51,0
DA:57,0
DA:61,0
DA:91,0
LF:17
LH:0
BRDA:39,0,0,0
BRDA:39,0,1,0
BRDA:44,1,0,0
BRDA:44,1,1,0
BRDA:46,2,0,0
BRDA:46,2,1,0
BRDA:53,3,0,0
BRDA:53,3,1,0
BRDA:91,4,0,0
BRDA:91,4,1,0
BRDA:108,5,0,0
BRDA:108,5,1,0
BRDA:116,6,0,0
BRDA:116,6,1,0
BRDA:119,7,0,0
BRDA:119,7,1,0
BRDA:122,8,0,0
BRDA:122,8,1,0
BRDA:126,9,0,0
BRDA:126,9,1,0
BRDA:141,10,0,0
BRDA:141,10,1,0
BRDA:142,11,0,0
BRDA:142,11,1,0
BRDA:147,12,0,0
BRDA:147,12,1,0
BRDA:147,12,2,0
BRDA:150,13,0,0
BRDA:150,13,1,0
BRDA:155,14,0,0
BRDA:155,14,1,0
BRDA:155,14,2,0
BRF:32
BRH:0
end_of_record
TN:
SF:src\components\AdminLogin.tsx
FN:20,AdminLogin
FN:27,(anonymous_1)
FN:78,(anonymous_2)
FN:91,(anonymous_3)
FNF:4
FNH:0
FNDA:0,AdminLogin
FNDA:0,(anonymous_1)
FNDA:0,(anonymous_2)
FNDA:0,(anonymous_3)
DA:21,0
DA:22,0
DA:23,0
DA:24,0
DA:25,0
DA:27,0
DA:28,0
DA:29,0
DA:30,0
DA:32,0
DA:33,0
DA:35,0
DA:37,0
DA:39,0
DA:44,0
DA:45,0
DA:47,0
DA:51,0
DA:78,0
DA:91,0
LF:20
LH:0
BRDA:35,0,0,0
BRDA:35,0,1,0
BRDA:65,1,0,0
BRDA:65,1,1,0
BRF:4
BRH:0
end_of_record
TN:
SF:src\components\AdminSecurityManager.tsx
FN:46,AdminSecurityManager
FN:64,(anonymous_1)
FN:70,(anonymous_2)
FN:82,(anonymous_3)
FN:119,(anonymous_4)
FN:128,(anonymous_5)
FN:148,(anonymous_6)
FN:149,(anonymous_7)
FN:159,(anonymous_8)
FN:161,(anonymous_9)
FN:176,(anonymous_10)
FN:178,(anonymous_11)
FN:178,(anonymous_12)
FN:192,(anonymous_13)
FN:194,(anonymous_14)
FN:206,(anonymous_15)
FN:207,(anonymous_16)
FN:209,(anonymous_17)
FN:213,(anonymous_18)
FN:223,(anonymous_19)
FN:292,(anonymous_20)
FN:293,(anonymous_21)
FN:308,(anonymous_22)
FN:309,(anonymous_23)
FN:324,(anonymous_24)
FN:325,(anonymous_25)
FN:349,(anonymous_26)
FN:350,(anonymous_27)
FN:361,(anonymous_28)
FN:362,(anonymous_29)
FN:373,(anonymous_30)
FN:374,(anonymous_31)
FN:391,(anonymous_32)
FN:443,(anonymous_33)
FN:453,(anonymous_34)
FN:475,(anonymous_35)
FN:484,(anonymous_36)
FN:514,(anonymous_37)
FN:520,(anonymous_38)
FN:529,(anonymous_39)
FN:559,(anonymous_40)
FN:583,(anonymous_41)
FNF:42
FNH:0
FNDA:0,AdminSecurityManager
FNDA:0,(anonymous_1)
FNDA:0,(anonymous_2)
FNDA:0,(anonymous_3)
FNDA:0,(anonymous_4)
FNDA:0,(anonymous_5)
FNDA:0,(anonymous_6)
FNDA:0,(anonymous_7)
FNDA:0,(anonymous_8)
FNDA:0,(anonymous_9)
FNDA:0,(anonymous_10)
FNDA:0,(anonymous_11)
FNDA:0,(anonymous_12)
FNDA:0,(anonymous_13)
FNDA:0,(anonymous_14)
FNDA:0,(anonymous_15)
FNDA:0,(anonymous_16)
FNDA:0,(anonymous_17)
FNDA:0,(anonymous_18)
FNDA:0,(anonymous_19)
FNDA:0,(anonymous_20)
FNDA:0,(anonymous_21)
FNDA:0,(anonymous_22)
FNDA:0,(anonymous_23)
FNDA:0,(anonymous_24)
FNDA:0,(anonymous_25)
FNDA:0,(anonymous_26)
FNDA:0,(anonymous_27)
FNDA:0,(anonymous_28)
FNDA:0,(anonymous_29)
FNDA:0,(anonymous_30)
FNDA:0,(anonymous_31)
FNDA:0,(anonymous_32)
FNDA:0,(anonymous_33)
FNDA:0,(anonymous_34)
FNDA:0,(anonymous_35)
FNDA:0,(anonymous_36)
FNDA:0,(anonymous_37)
FNDA:0,(anonymous_38)
FNDA:0,(anonymous_39)
FNDA:0,(anonymous_40)
FNDA:0,(anonymous_41)
DA:47,0
DA:48,0
DA:59,0
DA:60,0
DA:61,0
DA:62,0
DA:64,0
DA:65,0
DA:66,0
DA:67,0
DA:70,0
DA:71,0
DA:73,0
DA:74,0
DA:75,0
DA:78,0
DA:82,0
DA:83,0
DA:85,0
DA:113,0
DA:115,0
DA:119,0
DA:120,0
DA:122,0
DA:124,0
DA:128,0
DA:129,0
DA:130,0
DA:132,0
DA:133,0
DA:138,0
DA:144,0
DA:148,0
DA:149,0
DA:150,0
DA:159,0
DA:160,0
DA:161,0
DA:162,0
DA:168,0
DA:176,0
DA:177,0
DA:178,0
DA:179,0
DA:184,0
DA:192,0
DA:193,0
DA:194,0
DA:198,0
DA:199,0
DA:206,0
DA:207,0
DA:209,0
DA:213,0
DA:214,0
DA:215,0
DA:216,0
DA:217,0
DA:218,0
DA:219,0
DA:223,0
DA:224,0
DA:226,0
DA:229,0
DA:293,0
DA:309,0
DA:325,0
DA:350,0
DA:362,0
DA:374,0
DA:391,0
DA:443,0
DA:453,0
DA:476,0
DA:484,0
DA:514,0
DA:521,0
DA:529,0
DA:560,0
DA:583,0
LF:80
LH:0
BRDA:74,0,0,0
BRDA:74,0,1,0
BRDA:151,1,0,0
BRDA:151,1,1,0
BRDA:152,2,0,0
BRDA:152,2,1,0
BRDA:155,3,0,0
BRDA:155,3,1,0
BRDA:193,4,0,0
BRDA:193,4,1,0
BRDA:193,5,0,0
BRDA:193,5,1,0
BRDA:214,6,0,0
BRDA:214,6,1,0
BRDA:214,6,2,0
BRDA:214,6,3,0
BRDA:214,6,4,0
BRDA:224,7,0,0
BRDA:224,7,1,0
BRDA:224,8,0,0
BRDA:224,8,1,0
BRDA:225,9,0,0
BRDA:225,9,1,0
BRDA:350,10,0,0
BRDA:350,10,1,0
BRDA:362,11,0,0
BRDA:362,11,1,0
BRDA:374,12,0,0
BRDA:374,12,1,0
BRDA:391,13,0,0
BRDA:391,13,1,0
BRDA:490,14,0,0
BRDA:490,14,1,0
BRDA:535,15,0,0
BRDA:535,15,1,0
BRDA:575,16,0,0
BRDA:575,16,1,0
BRDA:577,17,0,0
BRDA:577,17,1,0
BRDA:577,17,2,0
BRDA:586,18,0,0
BRDA:586,18,1,0
BRDA:593,19,0,0
BRDA:593,19,1,0
BRF:44
BRH:0
end_of_record
TN:
SF:src\components\AdminSystemControls.tsx
FN:63,AdminSystemControls
FN:79,(anonymous_1)
FN:85,(anonymous_2)
FN:88,(anonymous_3)
FN:104,(anonymous_4)
FN:120,(anonymous_5)
FN:136,(anonymous_6)
FN:152,(anonymous_7)
FN:168,(anonymous_8)
FN:181,(anonymous_9)
FN:187,(anonymous_10)
FN:370,(anonymous_11)
FN:371,(anonymous_12)
FN:386,(anonymous_13)
FN:387,(anonymous_14)
FN:402,(anonymous_15)
FN:403,(anonymous_16)
FN:414,(anonymous_17)
FN:415,(anonymous_18)
FN:426,(anonymous_19)
FN:427,(anonymous_20)
FN:453,(anonymous_21)
FN:473,(anonymous_22)
FN:509,(anonymous_23)
FN:510,(anonymous_24)
FN:519,(anonymous_25)
FN:520,(anonymous_26)
FN:541,(anonymous_27)
FN:542,(anonymous_28)
FN:612,(anonymous_29)
FN:613,(anonymous_30)
FN:631,(anonymous_31)
FN:632,(anonymous_32)
FN:647,(anonymous_33)
FN:648,(anonymous_34)
FN:679,(anonymous_35)
FN:680,(anonymous_36)
FN:693,(anonymous_37)
FN:694,(anonymous_38)
FNF:39
FNH:0
FNDA:0,AdminSystemControls
FNDA:0,(anonymous_1)
FNDA:0,(anonymous_2)
FNDA:0,(anonymous_3)
FNDA:0,(anonymous_4)
FNDA:0,(anonymous_5)
FNDA:0,(anonymous_6)
FNDA:0,(anonymous_7)
FNDA:0,(anonymous_8)
FNDA:0,(anonymous_9)
FNDA:0,(anonymous_10)
FNDA:0,(anonymous_11)
FNDA:0,(anonymous_12)
FNDA:0,(anonymous_13)
FNDA:0,(anonymous_14)
FNDA:0,(anonymous_15)
FNDA:0,(anonymous_16)
FNDA:0,(anonymous_17)
FNDA:0,(anonymous_18)
FNDA:0,(anonymous_19)
FNDA:0,(anonymous_20)
FNDA:0,(anonymous_21)
FNDA:0,(anonymous_22)
FNDA:0,(anonymous_23)
FNDA:0,(anonymous_24)
FNDA:0,(anonymous_25)
FNDA:0,(anonymous_26)
FNDA:0,(anonymous_27)
FNDA:0,(anonymous_28)
FNDA:0,(anonymous_29)
FNDA:0,(anonymous_30)
FNDA:0,(anonymous_31)
FNDA:0,(anonymous_32)
FNDA:0,(anonymous_33)
FNDA:0,(anonymous_34)
FNDA:0,(anonymous_35)
FNDA:0,(anonymous_36)
FNDA:0,(anonymous_37)
FNDA:0,(anonymous_38)
DA:64,0
DA:77,0
DA:79,0
DA:80,0
DA:81,0
DA:84,0
DA:85,0
DA:88,0
DA:89,0
DA:90,0
DA:91,0
DA:96,0
DA:104,0
DA:105,0
DA:106,0
DA:107,0
DA:112,0
DA:120,0
DA:121,0
DA:122,0
DA:123,0
DA:128,0
DA:136,0
DA:137,0
DA:138,0
DA:139,0
DA:144,0
DA:152,0
DA:153,0
DA:154,0
DA:155,0
DA:160,0
DA:168,0
DA:169,0
DA:171,0
DA:173,0
DA:175,0
DA:177,0
DA:181,0
DA:182,0
DA:184,0
DA:187,0
DA:188,0
DA:189,0
DA:190,0
DA:193,0
DA:371,0
DA:387,0
DA:403,0
DA:415,0
DA:427,0
DA:453,0
DA:473,0
DA:510,0
DA:520,0
DA:542,0
DA:613,0
DA:632,0
DA:648,0
DA:680,0
DA:694,0
LF:61
LH:0
BRDA:90,0,0,0
BRDA:90,0,1,0
BRDA:106,1,0,0
BRDA:106,1,1,0
BRDA:122,2,0,0
BRDA:122,2,1,0
BRDA:138,3,0,0
BRDA:138,3,1,0
BRDA:154,4,0,0
BRDA:154,4,1,0
BRDA:169,5,0,0
BRDA:169,5,1,0
BRDA:169,5,2,0
BRDA:169,5,3,0
BRDA:182,6,0,0
BRDA:182,6,1,0
BRDA:183,7,0,0
BRDA:183,7,1,0
BRDA:188,8,0,0
BRDA:188,8,1,0
BRDA:189,9,0,0
BRDA:189,9,1,0
BRDA:415,10,0,0
BRDA:415,10,1,0
BRDA:427,11,0,0
BRDA:427,11,1,0
BRDA:542,12,0,0
BRDA:542,12,1,0
BRDA:569,13,0,0
BRDA:569,13,1,0
BRF:30
BRH:0
end_of_record
TN:
SF:src\components\AdvancedSearchFilters.tsx
FN:69,AdvancedSearchFilters
FN:81,(anonymous_1)
FN:84,(anonymous_2)
FN:90,(anonymous_3)
FN:97,(anonymous_4)
FN:101,(anonymous_5)
FN:103,(anonymous_6)
FN:108,(anonymous_7)
FN:110,(anonymous_8)
FN:115,(anonymous_9)
FN:117,(anonymous_10)
FN:122,(anonymous_11)
FN:132,(anonymous_12)
FN:142,(anonymous_13)
FN:154,(anonymous_14)
FN:161,(anonymous_15)
FN:258,(anonymous_16)
FN:286,(anonymous_17)
FN:292,(anonymous_18)
FN:315,(anonymous_19)
FN:334,(anonymous_20)
FN:354,(anonymous_21)
FN:359,(anonymous_22)
FN:376,(anonymous_23)
FN:381,(anonymous_24)
FN:396,(anonymous_25)
FN:401,(anonymous_26)
FN:421,(anonymous_27)
FN:429,(anonymous_28)
FN:437,(anonymous_29)
FN:447,(anonymous_30)
FN:452,(anonymous_31)
FN:466,(anonymous_32)
FN:471,(anonymous_33)
FN:490,(anonymous_34)
FN:501,(anonymous_35)
FNF:36
FNH:0
FNDA:0,AdvancedSearchFilters
FNDA:0,(anonymous_1)
FNDA:0,(anonymous_2)
FNDA:0,(anonymous_3)
FNDA:0,(anonymous_4)
FNDA:0,(anonymous_5)
FNDA:0,(anonymous_6)
FNDA:0,(anonymous_7)
FNDA:0,(anonymous_8)
FNDA:0,(anonymous_9)
FNDA:0,(anonymous_10)
FNDA:0,(anonymous_11)
FNDA:0,(anonymous_12)
FNDA:0,(anonymous_13)
FNDA:0,(anonymous_14)
FNDA:0,(anonymous_15)
FNDA:0,(anonymous_16)
FNDA:0,(anonymous_17)
FNDA:0,(anonymous_18)
FNDA:0,(anonymous_19)
FNDA:0,(anonymous_20)
FNDA:0,(anonymous_21)
FNDA:0,(anonymous_22)
FNDA:0,(anonymous_23)
FNDA:0,(anonymous_24)
FNDA:0,(anonymous_25)
FNDA:0,(anonymous_26)
FNDA:0,(anonymous_27)
FNDA:0,(anonymous_28)
FNDA:0,(anonymous_29)
FNDA:0,(anonymous_30)
FNDA:0,(anonymous_31)
FNDA:0,(anonymous_32)
FNDA:0,(anonymous_33)
FNDA:0,(anonymous_34)
FNDA:0,(anonymous_35)
DA:76,0
DA:77,0
DA:78,0
DA:81,0
DA:82,0
DA:83,0
DA:85,0
DA:91,0
DA:97,0
DA:98,0
DA:101,0
DA:102,0
DA:103,0
DA:105,0
DA:108,0
DA:109,0
DA:110,0
DA:112,0
DA:115,0
DA:116,0
DA:117,0
DA:119,0
DA:122,0
DA:123,0
DA:124,0
DA:130,0
DA:131,0
DA:133,0
DA:137,0
DA:143,0
DA:154,0
DA:155,0
DA:156,0
DA:157,0
DA:161,0
DA:162,0
DA:163,0
DA:164,0
DA:165,0
DA:166,0
DA:167,0
DA:168,0
DA:169,0
DA:170,0
DA:171,0
DA:172,0
DA:173,0
DA:176,0
DA:178,0
DA:191,0
DA:204,0
DA:211,0
DA:219,0
DA:229,0
DA:258,0
DA:286,0
DA:293,0
DA:315,0
DA:334,0
DA:355,0
DA:359,0
DA:377,0
DA:381,0
DA:397,0
DA:401,0
DA:421,0
DA:429,0
DA:437,0
DA:448,0
DA:452,0
DA:466,0
DA:472,0
DA:490,0
DA:501,0
LF:74
LH:0
BRDA:82,0,0,0
BRDA:82,0,1,0
BRDA:102,1,0,0
BRDA:102,1,1,0
BRDA:109,2,0,0
BRDA:109,2,1,0
BRDA:116,3,0,0
BRDA:116,3,1,0
BRDA:123,4,0,0
BRDA:123,4,1,0
BRDA:130,5,0,0
BRDA:130,5,1,0
BRDA:155,6,0,0
BRDA:155,6,1,0
BRDA:155,7,0,0
BRDA:155,7,1,0
BRDA:163,8,0,0
BRDA:163,8,1,0
BRDA:164,9,0,0
BRDA:164,9,1,0
BRDA:165,10,0,0
BRDA:165,10,1,0
BRDA:166,11,0,0
BRDA:166,11,1,0
BRDA:167,12,0,0
BRDA:167,12,1,0
BRDA:168,13,0,0
BRDA:168,13,1,0
BRDA:169,14,0,0
BRDA:169,14,1,0
BRDA:170,15,0,0
BRDA:170,15,1,0
BRDA:171,16,0,0
BRDA:171,16,1,0
BRDA:172,17,0,0
BRDA:172,17,1,0
BRDA:236,18,0,0
BRDA:236,18,1,0
BRDA:243,19,0,0
BRDA:243,19,1,0
BRDA:308,20,0,0
BRDA:308,20,1,0
BRDA:357,21,0,0
BRDA:357,21,1,0
BRDA:363,22,0,0
BRDA:363,22,1,0
BRDA:379,23,0,0
BRDA:379,23,1,0
BRDA:399,24,0,0
BRDA:399,24,1,0
BRDA:404,25,0,0
BRDA:404,25,1,0
BRDA:450,26,0,0
BRDA:450,26,1,0
BRDA:455,27,0,0
BRDA:455,27,1,0
BRDA:489,28,0,0
BRDA:489,28,1,0
BRDA:493,29,0,0
BRDA:493,29,1,0
BRDA:500,30,0,0
BRDA:500,30,1,0
BRDA:504,31,0,0
BRDA:504,31,1,0
BRF:64
BRH:0
end_of_record
TN:
SF:src\components\AdvancedSearchPage.tsx
FN:29,AdvancedSearchPage
FN:46,(anonymous_1)
FN:50,(anonymous_2)
FN:65,(anonymous_3)
FN:81,(anonymous_4)
FN:150,(anonymous_5)
FN:157,(anonymous_6)
FN:169,(anonymous_7)
FN:186,(anonymous_8)
FN:243,(anonymous_9)
FN:320,(anonymous_10)
FNF:11
FNH:0
FNDA:0,AdvancedSearchPage
FNDA:0,(anonymous_1)
FNDA:0,(anonymous_2)
FNDA:0,(anonymous_3)
FNDA:0,(anonymous_4)
FNDA:0,(anonymous_5)
FNDA:0,(anonymous_6)
FNDA:0,(anonymous_7)
FNDA:0,(anonymous_8)
FNDA:0,(anonymous_9)
FNDA:0,(anonymous_10)
DA:30,0
DA:42,0
DA:44,0
DA:46,0
DA:47,0
DA:50,0
DA:51,0
DA:53,0
DA:55,0
DA:57,0
DA:59,0
DA:61,0
DA:65,0
DA:66,0
DA:67,0
DA:69,0
DA:71,0
DA:73,0
DA:75,0
DA:77,0
DA:81,0
DA:82,0
DA:83,0
DA:84,0
DA:87,0
DA:150,0
DA:157,0
DA:170,0
DA:187,0
DA:244,0
DA:321,0
LF:31
LH:0
BRDA:51,0,0,0
BRDA:51,0,1,0
BRDA:51,0,2,0
BRDA:51,0,3,0
BRDA:51,0,4,0
BRDA:67,1,0,0
BRDA:67,1,1,0
BRDA:67,1,2,0
BRDA:67,1,3,0
BRDA:67,1,4,0
BRDA:82,2,0,0
BRDA:82,2,1,0
BRDA:83,3,0,0
BRDA:83,3,1,0
BRDA:115,4,0,0
BRDA:115,4,1,0
BRDA:119,5,0,0
BRDA:119,5,1,0
BRDA:137,6,0,0
BRDA:137,6,1,0
BRDA:140,7,0,0
BRDA:140,7,1,0
BRDA:140,7,2,0
BRDA:148,8,0,0
BRDA:148,8,1,0
BRDA:155,9,0,0
BRDA:155,9,1,0
BRDA:167,10,0,0
BRDA:167,10,1,0
BRDA:180,11,0,0
BRDA:180,11,1,0
BRDA:182,12,0,0
BRDA:182,12,1,0
BRDA:188,13,0,0
BRDA:188,13,1,0
BRDA:190,14,0,0
BRDA:190,14,1,0
BRDA:210,15,0,0
BRDA:210,15,1,0
BRDA:221,16,0,0
BRDA:221,16,1,0
BRDA:226,17,0,0
BRDA:226,17,1,0
BRDA:233,18,0,0
BRDA:233,18,1,0
BRDA:241,19,0,0
BRDA:241,19,1,0
BRDA:241,19,2,0
BRDA:248,20,0,0
BRDA:248,20,1,0
BRDA:267,21,0,0
BRDA:267,21,1,0
BRDA:287,22,0,0
BRDA:287,22,1,0
BRDA:297,23,0,0
BRDA:297,23,1,0
BRDA:302,24,0,0
BRDA:302,24,1,0
BRDA:309,25,0,0
BRDA:309,25,1,0
BRDA:318,26,0,0
BRDA:318,26,1,0
BRDA:318,26,2,0
BRDA:325,27,0,0
BRDA:325,27,1,0
BRF:65
BRH:0
end_of_record
TN:
SF:src\components\AdvertiseButton.tsx
FN:5,AdvertiseButton
FN:9,(anonymous_1)
FNF:2
FNH:0
FNDA:0,AdvertiseButton
FNDA:0,(anonymous_1)
DA:6,0
DA:7,0
DA:9,0
DA:10,0
DA:11,0
DA:13,0
DA:17,0
LF:7
LH:0
BRDA:10,0,0,0
BRDA:10,0,1,0
BRF:2
BRH:0
end_of_record
TN:
SF:src\components\AffiliateManager.tsx
FN:40,AffiliateManager
FN:51,(anonymous_1)
FN:61,(anonymous_2)
FN:91,(anonymous_3)
FN:92,(anonymous_4)
FN:122,(anonymous_5)
FN:133,(anonymous_6)
FN:134,(anonymous_7)
FN:135,(anonymous_8)
FN:144,(anonymous_9)
FN:155,(anonymous_10)
FN:167,(anonymous_11)
FN:174,(anonymous_12)
FN:175,(anonymous_13)
FN:213,(anonymous_14)
FN:242,(anonymous_15)
FN:255,(anonymous_16)
FN:261,(anonymous_17)
FN:262,(anonymous_18)
FN:272,(anonymous_19)
FN:279,(anonymous_20)
FN:332,(anonymous_21)
FN:397,(anonymous_22)
FN:412,(anonymous_23)
FN:426,(anonymous_24)
FN:433,(anonymous_25)
FNF:26
FNH:0
FNDA:0,AffiliateManager
FNDA:0,(anonymous_1)
FNDA:0,(anonymous_2)
FNDA:0,(anonymous_3)
FNDA:0,(anonymous_4)
FNDA:0,(anonymous_5)
FNDA:0,(anonymous_6)
FNDA:0,(anonymous_7)
FNDA:0,(anonymous_8)
FNDA:0,(anonymous_9)
FNDA:0,(anonymous_10)
FNDA:0,(anonymous_11)
FNDA:0,(anonymous_12)
FNDA:0,(anonymous_13)
FNDA:0,(anonymous_14)
FNDA:0,(anonymous_15)
FNDA:0,(anonymous_16)
FNDA:0,(anonymous_17)
FNDA:0,(anonymous_18)
FNDA:0,(anonymous_19)
FNDA:0,(anonymous_20)
FNDA:0,(anonymous_21)
FNDA:0,(anonymous_22)
FNDA:0,(anonymous_23)
FNDA:0,(anonymous_24)
FNDA:0,(anonymous_25)
DA:41,0
DA:42,0
DA:43,0
DA:44,0
DA:51,0
DA:52,0
DA:53,0
DA:54,0
DA:56,0
DA:61,0
DA:62,0
DA:63,0
DA:64,0
DA:67,0
DA:75,0
DA:76,0
DA:79,0
DA:83,0
DA:84,0
DA:85,0
DA:88,0
DA:89,0
DA:90,0
DA:91,0
DA:92,0
DA:93,0
DA:94,0
DA:95,0
DA:96,0
DA:97,0
DA:99,0
DA:100,0
DA:101,0
DA:102,0
DA:103,0
DA:106,0
DA:118,0
DA:122,0
DA:123,0
DA:125,0
DA:126,0
DA:128,0
DA:133,0
DA:134,0
DA:135,0
DA:136,0
DA:144,0
DA:145,0
DA:147,0
DA:148,0
DA:151,0
DA:152,0
DA:155,0
DA:156,0
DA:159,0
DA:161,0
DA:162,0
DA:167,0
DA:168,0
DA:169,0
DA:170,0
DA:174,0
DA:175,0
DA:176,0
DA:182,0
DA:183,0
DA:184,0
DA:185,0
DA:188,0
DA:196,0
DA:198,0
DA:200,0
DA:202,0
DA:207,0
DA:208,0
DA:209,0
DA:212,0
DA:213,0
DA:214,0
DA:215,0
DA:219,0
DA:220,0
DA:221,0
DA:222,0
DA:224,0
DA:229,0
DA:230,0
DA:232,0
DA:239,0
DA:242,0
DA:249,0
DA:252,0
DA:253,0
DA:255,0
DA:261,0
DA:262,0
DA:263,0
DA:272,0
DA:273,0
DA:274,0
DA:275,0
DA:276,0
DA:279,0
DA:280,0
DA:283,0
DA:284,0
DA:294,0
DA:332,0
DA:398,0
DA:413,0
DA:426,0
DA:433,0
LF:112
LH:0
BRDA:53,0,0,0
BRDA:53,0,1,0
BRDA:83,1,0,0
BRDA:83,1,1,0
BRDA:88,2,0,0
BRDA:88,2,1,0
BRDA:94,3,0,0
BRDA:94,3,1,0
BRDA:94,4,0,0
BRDA:94,4,1,0
BRDA:99,5,0,0
BRDA:99,5,1,0
BRDA:102,6,0,0
BRDA:102,6,1,0
BRDA:136,7,0,0
BRDA:136,7,1,0
BRDA:145,8,0,0
BRDA:145,8,1,0
BRDA:148,9,0,0
BRDA:148,9,1,0
BRDA:151,10,0,0
BRDA:151,10,1,0
BRDA:168,11,0,0
BRDA:168,11,1,0
BRDA:176,12,0,0
BRDA:176,12,1,0
BRDA:198,13,0,0
BRDA:198,13,1,0
BRDA:207,14,0,0
BRDA:207,14,1,0
BRDA:212,15,0,0
BRDA:212,15,1,0
BRDA:215,16,0,0
BRDA:215,16,1,0
BRDA:229,17,0,0
BRDA:229,17,1,0
BRDA:263,18,0,0
BRDA:263,18,1,0
BRDA:283,19,0,0
BRDA:283,19,1,0
BRDA:308,20,0,0
BRDA:308,20,1,0
BRDA:383,21,0,0
BRDA:383,21,1,0
BRDA:434,22,0,0
BRDA:434,22,1,0
BRDA:437,23,0,0
BRDA:437,23,1,0
BRF:48
BRH:0
end_of_record
TN:
SF:src\components\AllInclusiveDashboard.tsx
FN:73,(anonymous_0)
FN:120,AllInclusiveDashboard
FN:132,(anonymous_2)
FN:160,(anonymous_3)
FN:173,(anonymous_4)
FN:195,(anonymous_5)
FN:208,(anonymous_6)
FN:229,(anonymous_7)
FN:249,(anonymous_8)
FN:282,(anonymous_9)
FN:345,(anonymous_10)
FN:350,(anonymous_11)
FN:352,(anonymous_12)
FN:356,(anonymous_13)
FN:371,(anonymous_14)
FN:404,(anonymous_15)
FN:405,(anonymous_16)
FN:410,(anonymous_17)
FN:415,(anonymous_18)
FN:423,(anonymous_19)
FN:429,(anonymous_20)
FN:433,(anonymous_21)
FN:453,(anonymous_22)
FN:458,(anonymous_23)
FN:468,(anonymous_24)
FN:478,(anonymous_25)
FN:500,(anonymous_26)
FN:515,(anonymous_27)
FN:532,(anonymous_28)
FN:548,(anonymous_29)
FN:590,(anonymous_30)
FN:629,(anonymous_31)
FN:655,(anonymous_32)
FN:669,(anonymous_33)
FN:682,(anonymous_34)
FN:752,(anonymous_35)
FN:861,(anonymous_36)
FN:876,(anonymous_37)
FN:891,(anonymous_38)
FN:906,(anonymous_39)
FNF:40
FNH:0
FNDA:0,(anonymous_0)
FNDA:0,AllInclusiveDashboard
FNDA:0,(anonymous_2)
FNDA:0,(anonymous_3)
FNDA:0,(anonymous_4)
FNDA:0,(anonymous_5)
FNDA:0,(anonymous_6)
FNDA:0,(anonymous_7)
FNDA:0,(anonymous_8)
FNDA:0,(anonymous_9)
FNDA:0,(anonymous_10)
FNDA:0,(anonymous_11)
FNDA:0,(anonymous_12)
FNDA:0,(anonymous_13)
FNDA:0,(anonymous_14)
FNDA:0,(anonymous_15)
FNDA:0,(anonymous_16)
FNDA:0,(anonymous_17)
FNDA:0,(anonymous_18)
FNDA:0,(anonymous_19)
FNDA:0,(anonymous_20)
FNDA:0,(anonymous_21)
FNDA:0,(anonymous_22)
FNDA:0,(anonymous_23)
FNDA:0,(anonymous_24)
FNDA:0,(anonymous_25)
FNDA:0,(anonymous_26)
FNDA:0,(anonymous_27)
FNDA:0,(anonymous_28)
FNDA:0,(anonymous_29)
FNDA:0,(anonymous_30)
FNDA:0,(anonymous_31)
FNDA:0,(anonymous_32)
FNDA:0,(anonymous_33)
FNDA:0,(anonymous_34)
FNDA:0,(anonymous_35)
FNDA:0,(anonymous_36)
FNDA:0,(anonymous_37)
FNDA:0,(anonymous_38)
FNDA:0,(anonymous_39)
DA:73,0
DA:82,0
DA:83,0
DA:85,0
DA:87,0
DA:89,0
DA:91,0
DA:93,0
DA:96,0
DA:97,0
DA:98,0
DA:99,0
DA:125,0
DA:126,0
DA:127,0
DA:128,0
DA:129,0
DA:132,0
DA:133,0
DA:137,0
DA:147,0
DA:152,0
DA:154,0
DA:156,0
DA:160,0
DA:165,0
DA:167,0
DA:170,0
DA:171,0
DA:173,0
DA:174,0
DA:188,0
DA:193,0
DA:194,0
DA:195,0
DA:196,0
DA:197,0
DA:198,0
DA:199,0
DA:200,0
DA:205,0
DA:206,0
DA:208,0
DA:209,0
DA:211,0
DA:212,0
DA:213,0
DA:215,0
DA:216,0
DA:218,0
DA:223,0
DA:228,0
DA:229,0
DA:230,0
DA:231,0
DA:232,0
DA:233,0
DA:234,0
DA:235,0
DA:236,0
DA:237,0
DA:238,0
DA:239,0
DA:244,0
DA:249,0
DA:250,0
DA:251,0
DA:253,0
DA:255,0
DA:261,0
DA:266,0
DA:268,0
DA:270,0
DA:272,0
DA:278,0
DA:279,0
DA:280,0
DA:282,0
DA:283,0
DA:285,0
DA:286,0
DA:287,0
DA:288,0
DA:291,0
DA:292,0
DA:293,0
DA:298,0
DA:302,0
DA:303,0
DA:304,0
DA:305,0
DA:306,0
DA:307,0
DA:309,0
DA:311,0
DA:313,0
DA:315,0
DA:320,0
DA:321,0
DA:322,0
DA:328,0
DA:333,0
DA:337,0
DA:341,0
DA:345,0
DA:349,0
DA:350,0
DA:352,0
DA:356,0
DA:362,0
DA:363,0
DA:368,0
DA:369,0
DA:371,0
DA:372,0
DA:373,0
DA:375,0
DA:380,0
DA:385,0
DA:386,0
DA:403,0
DA:404,0
DA:405,0
DA:410,0
DA:415,0
DA:423,0
DA:424,0
DA:425,0
DA:426,0
DA:429,0
DA:430,0
DA:433,0
DA:434,0
DA:436,0
DA:438,0
DA:440,0
DA:442,0
DA:444,0
DA:448,0
DA:449,0
DA:450,0
DA:453,0
DA:454,0
DA:455,0
DA:458,0
DA:459,0
DA:461,0
DA:469,0
DA:470,0
DA:479,0
DA:481,0
DA:485,0
DA:486,0
DA:487,0
DA:493,0
DA:496,0
DA:501,0
DA:502,0
DA:516,0
DA:517,0
DA:532,0
DA:533,0
DA:535,0
DA:537,0
DA:539,0
DA:541,0
DA:543,0
DA:548,0
DA:549,0
DA:550,0
DA:551,0
DA:553,0
DA:554,0
DA:556,0
DA:557,0
DA:564,0
DA:566,0
DA:567,0
DA:574,0
DA:576,0
DA:577,0
DA:584,0
DA:586,0
DA:590,0
DA:591,0
DA:593,0
DA:594,0
DA:596,0
DA:629,0
DA:630,0
DA:632,0
DA:655,0
DA:658,0
DA:669,0
DA:671,0
DA:677,0
DA:678,0
DA:682,0
DA:683,0
DA:685,0
DA:692,0
DA:753,0
DA:754,0
DA:787,0
DA:862,0
DA:877,0
DA:892,0
DA:907,0
LF:208
LH:0
BRDA:82,0,0,0
BRDA:82,0,1,0
BRDA:83,1,0,0
BRDA:83,1,1,0
BRDA:83,1,2,0
BRDA:83,1,3,0
BRDA:83,1,4,0
BRDA:96,2,0,0
BRDA:96,2,1,0
BRDA:97,3,0,0
BRDA:97,3,1,0
BRDA:97,4,0,0
BRDA:97,4,1,0
BRDA:97,4,2,0
BRDA:138,5,0,0
BRDA:138,5,1,0
BRDA:138,5,2,0
BRDA:138,5,3,0
BRDA:138,5,4,0
BRDA:138,5,5,0
BRDA:138,5,6,0
BRDA:138,5,7,0
BRDA:138,5,8,0
BRDA:152,6,0,0
BRDA:163,7,0,0
BRDA:165,8,0,0
BRDA:165,8,1,0
BRDA:170,9,0,0
BRDA:170,9,1,0
BRDA:170,10,0,0
BRDA:170,10,1,0
BRDA:175,11,0,0
BRDA:175,11,1,0
BRDA:175,11,2,0
BRDA:176,12,0,0
BRDA:176,12,1,0
BRDA:176,12,2,0
BRDA:176,12,3,0
BRDA:180,13,0,0
BRDA:180,13,1,0
BRDA:181,14,0,0
BRDA:181,14,1,0
BRDA:182,15,0,0
BRDA:182,15,1,0
BRDA:183,16,0,0
BRDA:183,16,1,0
BRDA:193,17,0,0
BRDA:193,17,1,0
BRDA:193,18,0,0
BRDA:193,18,1,0
BRDA:196,19,0,0
BRDA:196,19,1,0
BRDA:197,20,0,0
BRDA:197,20,1,0
BRDA:198,21,0,0
BRDA:198,21,1,0
BRDA:199,22,0,0
BRDA:199,22,1,0
BRDA:205,23,0,0
BRDA:205,23,1,0
BRDA:205,24,0,0
BRDA:205,24,1,0
BRDA:209,25,0,0
BRDA:209,25,1,0
BRDA:211,26,0,0
BRDA:211,26,1,0
BRDA:213,27,0,0
BRDA:213,27,1,0
BRDA:215,28,0,0
BRDA:215,28,1,0
BRDA:223,29,0,0
BRDA:223,29,1,0
BRDA:224,30,0,0
BRDA:224,30,1,0
BRDA:224,30,2,0
BRDA:230,31,0,0
BRDA:230,31,1,0
BRDA:231,32,0,0
BRDA:231,32,1,0
BRDA:233,33,0,0
BRDA:233,33,1,0
BRDA:235,34,0,0
BRDA:235,34,1,0
BRDA:236,35,0,0
BRDA:236,35,1,0
BRDA:238,36,0,0
BRDA:238,36,1,0
BRDA:244,37,0,0
BRDA:244,37,1,0
BRDA:245,38,0,0
BRDA:245,38,1,0
BRDA:245,38,2,0
BRDA:250,39,0,0
BRDA:250,39,1,0
BRDA:253,40,0,0
BRDA:253,40,1,0
BRDA:253,40,2,0
BRDA:253,40,3,0
BRDA:253,40,4,0
BRDA:253,40,5,0
BRDA:256,41,0,0
BRDA:256,41,1,0
BRDA:256,41,2,0
BRDA:262,42,0,0
BRDA:262,42,1,0
BRDA:278,43,0,0
BRDA:278,43,1,0
BRDA:285,44,0,0
BRDA:285,44,1,0
BRDA:285,45,0,0
BRDA:285,45,1,0
BRDA:291,46,0,0
BRDA:291,46,1,0
BRDA:291,47,0,0
BRDA:291,47,1,0
BRDA:292,48,0,0
BRDA:292,48,1,0
BRDA:302,49,0,0
BRDA:302,49,1,0
BRDA:302,50,0,0
BRDA:302,50,1,0
BRDA:309,51,0,0
BRDA:309,51,1,0
BRDA:309,51,2,0
BRDA:309,51,3,0
BRDA:309,51,4,0
BRDA:309,51,5,0
BRDA:345,52,0,0
BRDA:345,52,1,0
BRDA:349,53,0,0
BRDA:349,53,1,0
BRDA:352,54,0,0
BRDA:352,54,1,0
BRDA:356,55,0,0
BRDA:356,55,1,0
BRDA:380,56,0,0
BRDA:380,56,1,0
BRDA:380,56,2,0
BRDA:380,56,3,0
BRDA:385,57,0,0
BRDA:385,57,1,0
BRDA:434,58,0,0
BRDA:434,58,1,0
BRDA:434,58,2,0
BRDA:434,58,3,0
BRDA:434,58,4,0
BRDA:459,59,0,0
BRDA:459,59,1,0
BRDA:470,60,0,0
BRDA:470,60,1,0
BRDA:473,61,0,0
BRDA:473,61,1,0
BRDA:481,62,0,0
BRDA:481,62,1,0
BRDA:481,62,2,0
BRDA:481,62,3,0
BRDA:485,63,0,0
BRDA:485,63,1,0
BRDA:486,64,0,0
BRDA:486,64,1,0
BRDA:486,65,0,0
BRDA:486,65,1,0
BRDA:517,66,0,0
BRDA:517,66,1,0
BRDA:520,67,0,0
BRDA:520,67,1,0
BRDA:533,68,0,0
BRDA:533,68,1,0
BRDA:533,68,2,0
BRDA:533,68,3,0
BRDA:533,68,4,0
BRDA:550,69,0,0
BRDA:550,69,1,0
BRDA:553,70,0,0
BRDA:553,70,1,0
BRDA:556,71,0,0
BRDA:556,71,1,0
BRDA:556,72,0,0
BRDA:556,72,1,0
BRDA:564,73,0,0
BRDA:564,73,1,0
BRDA:566,74,0,0
BRDA:566,74,1,0
BRDA:574,75,0,0
BRDA:574,75,1,0
BRDA:576,76,0,0
BRDA:576,76,1,0
BRDA:576,77,0,0
BRDA:576,77,1,0
BRDA:584,78,0,0
BRDA:584,78,1,0
BRDA:591,79,0,0
BRDA:591,79,1,0
BRDA:603,80,0,0
BRDA:603,80,1,0
BRDA:605,81,0,0
BRDA:605,81,1,0
BRDA:612,82,0,0
BRDA:612,82,1,0
BRDA:630,83,0,0
BRDA:630,83,1,0
BRDA:641,84,0,0
BRDA:641,84,1,0
BRDA:645,85,0,0
BRDA:645,85,1,0
BRDA:645,85,2,0
BRDA:658,86,0,0
BRDA:658,86,1,0
BRDA:659,87,0,0
BRDA:659,87,1,0
BRDA:661,88,0,0
BRDA:661,88,1,0
BRDA:663,89,0,0
BRDA:663,89,1,0
BRDA:665,90,0,0
BRDA:665,90,1,0
BRDA:677,91,0,0
BRDA:677,91,1,0
BRDA:677,92,0,0
BRDA:677,92,1,0
BRDA:704,93,0,0
BRDA:704,93,1,0
BRDA:713,94,0,0
BRDA:713,94,1,0
BRDA:718,95,0,0
BRDA:718,95,1,0
BRDA:724,96,0,0
BRDA:724,96,1,0
BRDA:730,97,0,0
BRDA:730,97,1,0
BRDA:730,97,2,0
BRDA:737,98,0,0
BRDA:737,98,1,0
BRDA:744,99,0,0
BRDA:744,99,1,0
BRDA:744,99,2,0
BRDA:748,100,0,0
BRDA:748,100,1,0
BRDA:748,100,2,0
BRDA:761,101,0,0
BRDA:761,101,1,0
BRDA:773,102,0,0
BRDA:773,102,1,0
BRDA:777,103,0,0
BRDA:777,103,1,0
BRDA:845,104,0,0
BRDA:845,104,1,0
BRDA:858,105,0,0
BRDA:858,105,1,0
BRDA:873,106,0,0
BRDA:873,106,1,0
BRDA:888,107,0,0
BRDA:888,107,1,0
BRDA:903,108,0,0
BRDA:903,108,1,0
BRF:255
BRH:0
end_of_record
TN:
SF:src\components\ArticleEditor.tsx
FN:30,ArticleEditor
FN:53,(anonymous_1)
FN:55,(anonymous_2)
FN:73,(anonymous_3)
FN:74,(anonymous_4)
FN:80,(anonymous_5)
FN:87,(anonymous_6)
FN:88,(anonymous_7)
FN:91,(anonymous_8)
FN:98,(anonymous_9)
FN:99,(anonymous_10)
FN:102,(anonymous_11)
FN:116,(anonymous_12)
FN:156,(anonymous_13)
FN:187,(anonymous_14)
FN:212,(anonymous_15)
FN:221,(anonymous_16)
FN:271,(anonymous_17)
FN:282,(anonymous_18)
FN:293,(anonymous_19)
FN:327,(anonymous_20)
FN:341,(anonymous_21)
FN:356,(anonymous_22)
FN:358,(anonymous_23)
FN:365,(anonymous_24)
FN:368,(anonymous_25)
FN:389,(anonymous_26)
FN:404,(anonymous_27)
FN:409,(anonymous_28)
FN:423,(anonymous_29)
FN:442,(anonymous_30)
FN:444,(anonymous_31)
FN:451,(anonymous_32)
FN:454,(anonymous_33)
FN:475,(anonymous_34)
FNF:35
FNH:0
FNDA:0,ArticleEditor
FNDA:0,(anonymous_1)
FNDA:0,(anonymous_2)
FNDA:0,(anonymous_3)
FNDA:0,(anonymous_4)
FNDA:0,(anonymous_5)
FNDA:0,(anonymous_6)
FNDA:0,(anonymous_7)
FNDA:0,(anonymous_8)
FNDA:0,(anonymous_9)
FNDA:0,(anonymous_10)
FNDA:0,(anonymous_11)
FNDA:0,(anonymous_12)
FNDA:0,(anonymous_13)
FNDA:0,(anonymous_14)
FNDA:0,(anonymous_15)
FNDA:0,(anonymous_16)
FNDA:0,(anonymous_17)
FNDA:0,(anonymous_18)
FNDA:0,(anonymous_19)
FNDA:0,(anonymous_20)
FNDA:0,(anonymous_21)
FNDA:0,(anonymous_22)
FNDA:0,(anonymous_23)
FNDA:0,(anonymous_24)
FNDA:0,(anonymous_25)
FNDA:0,(anonymous_26)
FNDA:0,(anonymous_27)
FNDA:0,(anonymous_28)
FNDA:0,(anonymous_29)
FNDA:0,(anonymous_30)
FNDA:0,(anonymous_31)
FNDA:0,(anonymous_32)
FNDA:0,(anonymous_33)
FNDA:0,(anonymous_34)
DA:31,0
DA:32,0
DA:33,0
DA:35,0
DA:36,0
DA:37,0
DA:38,0
DA:40,0
DA:53,0
DA:55,0
DA:56,0
DA:57,0
DA:69,0
DA:73,0
DA:74,0
DA:80,0
DA:81,0
DA:82,0
DA:83,0
DA:87,0
DA:88,0
DA:91,0
DA:92,0
DA:93,0
DA:94,0
DA:98,0
DA:99,0
DA:102,0
DA:104,0
DA:105,0
DA:109,0
DA:110,0
DA:112,0
DA:116,0
DA:117,0
DA:118,0
DA:119,0
DA:122,0
DA:123,0
DA:124,0
DA:126,0
DA:129,0
DA:134,0
DA:135,0
DA:136,0
DA:137,0
DA:138,0
DA:141,0
DA:142,0
DA:143,0
DA:145,0
DA:148,0
DA:149,0
DA:151,0
DA:152,0
DA:156,0
DA:157,0
DA:159,0
DA:160,0
DA:161,0
DA:162,0
DA:164,0
DA:165,0
DA:169,0
DA:174,0
DA:175,0
DA:182,0
DA:187,0
DA:212,0
DA:221,0
DA:271,0
DA:282,0
DA:293,0
DA:327,0
DA:341,0
DA:356,0
DA:358,0
DA:366,0
DA:368,0
DA:389,0
DA:404,0
DA:410,0
DA:423,0
DA:442,0
DA:444,0
DA:452,0
DA:454,0
DA:476,0
LF:88
LH:0
BRDA:56,0,0,0
BRDA:56,0,1,0
BRDA:56,1,0,0
BRDA:56,1,1,0
BRDA:58,2,0,0
BRDA:58,2,1,0
BRDA:59,3,0,0
BRDA:59,3,1,0
BRDA:60,4,0,0
BRDA:60,4,1,0
BRDA:61,5,0,0
BRDA:61,5,1,0
BRDA:62,6,0,0
BRDA:62,6,1,0
BRDA:63,7,0,0
BRDA:63,7,1,0
BRDA:64,8,0,0
BRDA:64,8,1,0
BRDA:65,9,0,0
BRDA:65,9,1,0
BRDA:66,10,0,0
BRDA:66,10,1,0
BRDA:81,11,0,0
BRDA:81,11,1,0
BRDA:81,12,0,0
BRDA:81,12,1,0
BRDA:92,13,0,0
BRDA:92,13,1,0
BRDA:92,14,0,0
BRDA:92,14,1,0
BRDA:104,15,0,0
BRDA:104,15,1,0
BRDA:104,16,0,0
BRDA:104,16,1,0
BRDA:109,17,0,0
BRDA:109,17,1,0
BRDA:110,18,0,0
BRDA:110,18,1,0
BRDA:116,19,0,0
BRDA:117,20,0,0
BRDA:117,20,1,0
BRDA:117,21,0,0
BRDA:117,21,1,0
BRDA:123,22,0,0
BRDA:123,22,1,0
BRDA:131,23,0,0
BRDA:131,23,1,0
BRDA:134,24,0,0
BRDA:134,24,1,0
BRDA:136,25,0,0
BRDA:136,25,1,0
BRDA:137,26,0,0
BRDA:137,26,1,0
BRDA:142,27,0,0
BRDA:142,27,1,0
BRDA:142,28,0,0
BRDA:142,28,1,0
BRDA:145,29,0,0
BRDA:145,29,1,0
BRDA:157,30,0,0
BRDA:157,30,1,0
BRDA:174,31,0,0
BRDA:174,31,1,0
BRDA:193,32,0,0
BRDA:193,32,1,0
BRDA:196,33,0,0
BRDA:196,33,1,0
BRDA:202,34,0,0
BRDA:202,34,1,0
BRDA:213,35,0,0
BRDA:213,35,1,0
BRDA:217,36,0,0
BRDA:217,36,1,0
BRDA:222,37,0,0
BRDA:222,37,1,0
BRDA:225,38,0,0
BRDA:225,38,1,0
BRDA:228,39,0,0
BRDA:228,39,1,0
BRDA:358,40,0,0
BRDA:358,40,1,0
BRDA:444,41,0,0
BRDA:444,41,1,0
BRDA:464,42,0,0
BRDA:464,42,1,0
BRDA:472,43,0,0
BRDA:472,43,1,0
BRF:87
BRH:0
end_of_record
TN:
SF:src\components\ArticleWebhookConfig.tsx
FN:12,ArticleWebhookConfig
FN:19,(anonymous_1)
FN:37,(anonymous_2)
FN:72,(anonymous_3)
FN:76,(anonymous_4)
FN:82,(anonymous_5)
FN:97,(anonymous_6)
FN:100,(anonymous_7)
FN:134,(anonymous_8)
FN:156,(anonymous_9)
FN:174,(anonymous_10)
FNF:11
FNH:0
FNDA:0,ArticleWebhookConfig
FNDA:0,(anonymous_1)
FNDA:0,(anonymous_2)
FNDA:0,(anonymous_3)
FNDA:0,(anonymous_4)
FNDA:0,(anonymous_5)
FNDA:0,(anonymous_6)
FNDA:0,(anonymous_7)
FNDA:0,(anonymous_8)
FNDA:0,(anonymous_9)
FNDA:0,(anonymous_10)
DA:13,0
DA:14,0
DA:15,0
DA:17,0
DA:20,0
DA:25,0
DA:27,0
DA:28,0
DA:29,0
DA:32,0
DA:36,0
DA:38,0
DA:39,0
DA:43,0
DA:44,0
DA:46,0
DA:49,0
DA:55,0
DA:57,0
DA:62,0
DA:65,0
DA:69,0
DA:73,0
DA:74,0
DA:77,0
DA:81,0
DA:83,0
DA:84,0
DA:88,0
DA:92,0
DA:93,0
DA:95,0
DA:98,0
DA:101,0
DA:105,0
DA:106,0
DA:115,0
DA:134,0
DA:156,0
DA:174,0
LF:40
LH:0
BRDA:25,0,0,0
BRDA:25,0,1,0
BRDA:25,1,0,0
BRDA:25,1,1,0
BRDA:27,2,0,0
BRDA:27,2,1,0
BRDA:38,3,0,0
BRDA:38,3,1,0
BRDA:55,4,0,0
BRDA:55,4,1,0
BRDA:62,5,0,0
BRDA:62,5,1,0
BRDA:69,6,0,0
BRDA:69,6,1,0
BRDA:83,7,0,0
BRDA:83,7,1,0
BRDA:92,8,0,0
BRDA:92,8,1,0
BRDA:93,9,0,0
BRDA:93,9,1,0
BRDA:93,10,0,0
BRDA:93,10,1,0
BRDA:105,11,0,0
BRDA:105,11,1,0
BRDA:157,12,0,0
BRDA:157,12,1,0
BRDA:159,13,0,0
BRDA:159,13,1,0
BRDA:175,14,0,0
BRDA:175,14,1,0
BRDA:177,15,0,0
BRDA:177,15,1,0
BRF:32
BRH:0
end_of_record
TN:
SF:src\components\ArticlesManager.tsx
FN:16,ArticlesManager
FN:21,(anonymous_1)
FN:28,(anonymous_2)
FN:41,(anonymous_3)
FN:56,(anonymous_4)
FN:57,(anonymous_5)
FN:60,(anonymous_6)
FN:61,(anonymous_7)
FN:66,(anonymous_8)
FN:72,(anonymous_9)
FN:82,(anonymous_10)
FN:92,(anonymous_11)
FN:112,(anonymous_12)
FN:181,(anonymous_13)
FN:194,(anonymous_14)
FN:200,(anonymous_15)
FN:206,(anonymous_16)
FN:234,(anonymous_17)
FN:291,(anonymous_18)
FN:302,(anonymous_19)
FN:313,(anonymous_20)
FN:338,(anonymous_21)
FNF:22
FNH:0
FNDA:0,ArticlesManager
FNDA:0,(anonymous_1)
FNDA:0,(anonymous_2)
FNDA:0,(anonymous_3)
FNDA:0,(anonymous_4)
FNDA:0,(anonymous_5)
FNDA:0,(anonymous_6)
FNDA:0,(anonymous_7)
FNDA:0,(anonymous_8)
FNDA:0,(anonymous_9)
FNDA:0,(anonymous_10)
FNDA:0,(anonymous_11)
FNDA:0,(anonymous_12)
FNDA:0,(anonymous_13)
FNDA:0,(anonymous_14)
FNDA:0,(anonymous_15)
FNDA:0,(anonymous_16)
FNDA:0,(anonymous_17)
FNDA:0,(anonymous_18)
FNDA:0,(anonymous_19)
FNDA:0,(anonymous_20)
FNDA:0,(anonymous_21)
DA:17,0
DA:18,0
DA:21,0
DA:22,0
DA:26,0
DA:29,0
DA:34,0
DA:35,0
DA:40,0
DA:42,0
DA:43,0
DA:46,0
DA:53,0
DA:54,0
DA:57,0
DA:58,0
DA:61,0
DA:62,0
DA:66,0
DA:67,0
DA:72,0
DA:73,0
DA:74,0
DA:75,0
DA:77,0
DA:78,0
DA:82,0
DA:83,0
DA:84,0
DA:85,0
DA:87,0
DA:88,0
DA:92,0
DA:93,0
DA:99,0
DA:105,0
DA:112,0
DA:113,0
DA:122,0
DA:123,0
DA:132,0
DA:133,0
DA:142,0
DA:181,0
DA:194,0
DA:200,0
DA:206,0
DA:235,0
DA:291,0
DA:302,0
DA:313,0
DA:338,0
LF:52
LH:0
BRDA:34,0,0,0
BRDA:34,0,1,0
BRDA:34,1,0,0
BRDA:34,1,1,0
BRDA:42,2,0,0
BRDA:42,2,1,0
BRDA:42,3,0,0
BRDA:42,3,1,0
BRDA:53,4,0,0
BRDA:53,4,1,0
BRDA:67,5,0,0
BRDA:67,5,1,0
BRDA:67,5,2,0
BRDA:106,6,0,0
BRDA:106,6,1,0
BRDA:122,7,0,0
BRDA:122,7,1,0
BRDA:132,8,0,0
BRDA:132,8,1,0
BRDA:206,9,0,0
BRDA:206,9,1,0
BRDA:227,10,0,0
BRDA:227,10,1,0
BRDA:230,11,0,0
BRDA:230,11,1,0
BRDA:239,12,0,0
BRDA:239,12,1,0
BRDA:255,13,0,0
BRDA:255,13,1,0
BRDA:265,14,0,0
BRDA:265,14,1,0
BRDA:287,15,0,0
BRDA:287,15,1,0
BRDA:298,16,0,0
BRDA:298,16,1,0
BRDA:309,17,0,0
BRDA:309,17,1,0
BRDA:309,17,2,0
BRF:38
BRH:0
end_of_record
TN:
SF:src\components\AttractionFilters.tsx
FN:51,AttractionFilters
FN:59,(anonymous_1)
FN:60,(anonymous_2)
FN:69,(anonymous_3)
FN:78,(anonymous_4)
FN:95,(anonymous_5)
FN:110,(anonymous_6)
FN:138,(anonymous_7)
FN:145,(anonymous_8)
FN:159,(anonymous_9)
FN:197,(anonymous_10)
FN:208,(anonymous_11)
FN:219,(anonymous_12)
FN:230,(anonymous_13)
FNF:14
FNH:0
FNDA:0,AttractionFilters
FNDA:0,(anonymous_1)
FNDA:0,(anonymous_2)
FNDA:0,(anonymous_3)
FNDA:0,(anonymous_4)
FNDA:0,(anonymous_5)
FNDA:0,(anonymous_6)
FNDA:0,(anonymous_7)
FNDA:0,(anonymous_8)
FNDA:0,(anonymous_9)
FNDA:0,(anonymous_10)
FNDA:0,(anonymous_11)
FNDA:0,(anonymous_12)
FNDA:0,(anonymous_13)
DA:30,0
DA:44,0
DA:52,0
DA:53,0
DA:54,0
DA:55,0
DA:56,0
DA:59,0
DA:60,0
DA:61,0
DA:69,0
DA:72,0
DA:78,0
DA:79,0
DA:80,0
DA:81,0
DA:82,0
DA:85,0
DA:87,0
DA:95,0
DA:111,0
DA:138,0
DA:146,0
DA:159,0
DA:197,0
DA:208,0
DA:219,0
DA:230,0
LF:28
LH:0
BRDA:62,0,0,0
BRDA:62,0,1,0
BRDA:65,1,0,0
BRDA:65,1,1,0
BRDA:85,2,0,0
BRDA:85,2,1,0
BRDA:124,3,0,0
BRDA:124,3,1,0
BRDA:138,4,0,0
BRDA:138,4,1,0
BRDA:170,5,0,0
BRDA:170,5,1,0
BRDA:186,6,0,0
BRDA:186,6,1,0
BRDA:191,7,0,0
BRDA:191,7,1,0
BRDA:193,8,0,0
BRDA:193,8,1,0
BRDA:204,9,0,0
BRDA:204,9,1,0
BRDA:215,10,0,0
BRDA:215,10,1,0
BRDA:226,11,0,0
BRDA:226,11,1,0
BRF:24
BRH:0
end_of_record
TN:
SF:src\components\AttractionsMap.tsx
FN:15,(anonymous_0)
FN:33,(anonymous_1)
FN:35,(anonymous_2)
FN:48,(anonymous_3)
FNF:4
FNH:0
FNDA:0,(anonymous_0)
FNDA:0,(anonymous_1)
FNDA:0,(anonymous_2)
FNDA:0,(anonymous_3)
DA:8,0
DA:9,0
DA:15,0
DA:16,0
DA:33,0
DA:34,0
DA:35,0
DA:38,0
DA:49,0
LF:9
LH:0
BRDA:35,0,0,0
BRDA:35,0,1,0
BRF:2
BRH:0
end_of_record
TN:
SF:src\components\BackToTop.tsx
FN:18,BackToTop
FN:21,(anonymous_1)
FN:22,(anonymous_2)
FN:34,(anonymous_3)
FN:37,(anonymous_4)
FN:44,(anonymous_5)
FNF:6
FNH:0
FNDA:0,BackToTop
FNDA:0,(anonymous_1)
FNDA:0,(anonymous_2)
FNDA:0,(anonymous_3)
FNDA:0,(anonymous_4)
FNDA:0,(anonymous_5)
DA:19,0
DA:21,0
DA:22,0
DA:23,0
DA:24,0
DA:28,0
DA:31,0
DA:34,0
DA:37,0
DA:38,0
DA:44,0
DA:45,0
DA:46,0
DA:47,0
DA:51,0
DA:52,0
DA:55,0
LF:17
LH:0
BRDA:18,0,0,0
BRDA:23,1,0,0
BRDA:23,1,1,0
BRDA:45,2,0,0
BRDA:45,2,1,0
BRDA:45,3,0,0
BRDA:45,3,1,0
BRDA:51,4,0,0
BRDA:51,4,1,0
BRF:9
BRH:0
end_of_record
TN:
SF:src\components\BadgeCollection.tsx
FN:8,(anonymous_0)
FN:18,(anonymous_1)
FN:34,BadgeCard
FN:75,BadgeCollection
FN:86,(anonymous_4)
FN:97,(anonymous_5)
FN:98,(anonymous_6)
FN:124,(anonymous_7)
FN:125,(anonymous_8)
FN:135,(anonymous_9)
FN:140,(anonymous_10)
FNF:11
FNH:0
FNDA:0,(anonymous_0)
FNDA:0,(anonymous_1)
FNDA:0,BadgeCard
FNDA:0,BadgeCollection
FNDA:0,(anonymous_4)
FNDA:0,(anonymous_5)
FNDA:0,(anonymous_6)
FNDA:0,(anonymous_7)
FNDA:0,(anonymous_8)
FNDA:0,(anonymous_9)
FNDA:0,(anonymous_10)
DA:8,0
DA:9,0
DA:10,0
DA:11,0
DA:12,0
DA:13,0
DA:14,0
DA:18,0
DA:19,0
DA:20,0
DA:21,0
DA:22,0
DA:23,0
DA:24,0
DA:35,0
DA:37,0
DA:76,0
DA:78,0
DA:79,0
DA:87,0
DA:97,0
DA:98,0
DA:100,0
DA:124,0
DA:126,0
DA:136,0
DA:137,0
DA:141,0
LF:28
LH:0
BRDA:9,0,0,0
BRDA:9,0,1,0
BRDA:9,0,2,0
BRDA:9,0,3,0
BRDA:9,0,4,0
BRDA:19,1,0,0
BRDA:19,1,1,0
BRDA:19,1,2,0
BRDA:19,1,3,0
BRDA:19,1,4,0
BRDA:34,2,0,0
BRDA:35,3,0,0
BRDA:35,3,1,0
BRDA:38,4,0,0
BRDA:38,4,1,0
BRDA:58,5,0,0
BRDA:58,5,1,0
BRDA:58,5,2,0
BRDA:65,6,0,0
BRDA:65,6,1,0
BRDA:65,6,2,0
BRDA:78,7,0,0
BRDA:78,7,1,0
BRDA:116,8,0,0
BRDA:116,8,1,0
BRDA:124,9,0,0
BRDA:124,9,1,0
BRDA:124,10,0,0
BRDA:124,10,1,0
BRDA:137,11,0,0
BRDA:137,11,1,0
BRDA:138,12,0,0
BRDA:138,12,1,0
BRF:33
BRH:0
end_of_record
TN:
SF:src\components\BottomNav.tsx
FN:14,BottomNav
FN:46,(anonymous_1)
FN:62,(anonymous_2)
FN:78,(anonymous_3)
FN:79,(anonymous_4)
FN:80,(anonymous_5)
FNF:6
FNH:0
FNDA:0,BottomNav
FNDA:0,(anonymous_1)
FNDA:0,(anonymous_2)
FNDA:0,(anonymous_3)
FNDA:0,(anonymous_4)
FNDA:0,(anonymous_5)
DA:15,0
DA:16,0
DA:18,0
DA:46,0
DA:47,0
DA:48,0
DA:50,0
DA:55,0
DA:63,0
DA:64,0
DA:66,0
DA:78,0
DA:79,0
DA:82,0
DA:83,0
LF:15
LH:0
BRDA:35,0,0,0
BRDA:35,0,1,0
BRDA:36,1,0,0
BRDA:36,1,1,0
BRDA:40,2,0,0
BRDA:40,2,1,0
BRDA:41,3,0,0
BRDA:41,3,1,0
BRDA:47,4,0,0
BRDA:47,4,1,0
BRDA:51,5,0,0
BRDA:51,5,1,0
BRDA:72,6,0,0
BRDA:72,6,1,0
BRDA:77,7,0,0
BRDA:77,7,1,0
BRDA:82,8,0,0
BRDA:82,8,1,0
BRDA:87,9,0,0
BRDA:87,9,1,0
BRDA:93,10,0,0
BRDA:93,10,1,0
BRDA:100,11,0,0
BRDA:100,11,1,0
BRF:24
BRH:0
end_of_record
TN:
SF:src\components\BusinessDashboard.tsx
FN:23,BusinessDashboard
FN:48,(anonymous_1)
FN:66,(anonymous_2)
FN:75,(anonymous_3)
FN:76,(anonymous_4)
FN:79,(anonymous_5)
FN:80,(anonymous_6)
FN:84,(anonymous_7)
FN:101,(anonymous_8)
FN:140,(anonymous_9)
FN:217,(anonymous_10)
FN:231,(anonymous_11)
FN:231,(anonymous_12)
FN:239,(anonymous_13)
FN:239,(anonymous_14)
FN:247,(anonymous_15)
FN:247,(anonymous_16)
FN:255,(anonymous_17)
FN:255,(anonymous_18)
FN:263,(anonymous_19)
FN:263,(anonymous_20)
FN:271,(anonymous_21)
FN:271,(anonymous_22)
FN:279,(anonymous_23)
FN:279,(anonymous_24)
FN:359,(anonymous_25)
FNF:26
FNH:0
FNDA:0,BusinessDashboard
FNDA:0,(anonymous_1)
FNDA:0,(anonymous_2)
FNDA:0,(anonymous_3)
FNDA:0,(anonymous_4)
FNDA:0,(anonymous_5)
FNDA:0,(anonymous_6)
FNDA:0,(anonymous_7)
FNDA:0,(anonymous_8)
FNDA:0,(anonymous_9)
FNDA:0,(anonymous_10)
FNDA:0,(anonymous_11)
FNDA:0,(anonymous_12)
FNDA:0,(anonymous_13)
FNDA:0,(anonymous_14)
FNDA:0,(anonymous_15)
FNDA:0,(anonymous_16)
FNDA:0,(anonymous_17)
FNDA:0,(anonymous_18)
FNDA:0,(anonymous_19)
FNDA:0,(anonymous_20)
FNDA:0,(anonymous_21)
FNDA:0,(anonymous_22)
FNDA:0,(anonymous_23)
FNDA:0,(anonymous_24)
FNDA:0,(anonymous_25)
DA:24,0
DA:32,0
DA:34,0
DA:35,0
DA:48,0
DA:49,0
DA:50,0
DA:62,0
DA:66,0
DA:67,0
DA:68,0
DA:70,0
DA:72,0
DA:75,0
DA:76,0
DA:79,0
DA:80,0
DA:81,0
DA:84,0
DA:85,0
DA:87,0
DA:88,0
DA:94,0
DA:101,0
DA:102,0
DA:104,0
DA:105,0
DA:111,0
DA:118,0
DA:119,0
DA:129,0
DA:130,0
DA:140,0
DA:148,0
DA:217,0
DA:231,0
DA:239,0
DA:247,0
DA:255,0
DA:263,0
DA:271,0
DA:279,0
DA:360,0
LF:43
LH:0
BRDA:49,0,0,0
BRDA:49,0,1,0
BRDA:51,1,0,0
BRDA:51,1,1,0
BRDA:52,2,0,0
BRDA:52,2,1,0
BRDA:53,3,0,0
BRDA:53,3,1,0
BRDA:54,4,0,0
BRDA:54,4,1,0
BRDA:55,5,0,0
BRDA:55,5,1,0
BRDA:56,6,0,0
BRDA:56,6,1,0
BRDA:57,7,0,0
BRDA:57,7,1,0
BRDA:58,8,0,0
BRDA:58,8,1,0
BRDA:59,9,0,0
BRDA:59,9,1,0
BRDA:60,10,0,0
BRDA:60,10,1,0
BRDA:67,11,0,0
BRDA:67,11,1,0
BRDA:85,12,0,0
BRDA:85,12,1,0
BRDA:95,13,0,0
BRDA:95,13,1,0
BRDA:102,14,0,0
BRDA:102,14,1,0
BRDA:112,15,0,0
BRDA:112,15,1,0
BRDA:118,16,0,0
BRDA:118,16,1,0
BRDA:129,17,0,0
BRDA:129,17,1,0
BRDA:129,18,0,0
BRDA:129,18,1,0
BRDA:151,19,0,0
BRDA:151,19,1,0
BRDA:216,20,0,0
BRDA:216,20,1,0
BRDA:217,21,0,0
BRDA:217,21,1,0
BRDA:220,22,0,0
BRDA:220,22,1,0
BRDA:225,23,0,0
BRDA:225,23,1,0
BRDA:284,24,0,0
BRDA:284,24,1,0
BRDA:289,25,0,0
BRDA:289,25,1,0
BRDA:305,26,0,0
BRDA:305,26,1,0
BRDA:315,27,0,0
BRDA:315,27,1,0
BRDA:325,28,0,0
BRDA:325,28,1,0
BRDA:336,29,0,0
BRDA:336,29,1,0
BRDA:357,30,0,0
BRDA:357,30,1,0
BRDA:387,31,0,0
BRDA:387,31,1,0
BRDA:400,32,0,0
BRDA:400,32,1,0
BRDA:407,33,0,0
BRDA:407,33,1,0
BRDA:417,34,0,0
BRDA:417,34,1,0
BRF:70
BRH:0
end_of_record
TN:
SF:src\components\BusinessPartnershipApplication.tsx
FN:12,BusinessPartnershipApplication
FN:26,(anonymous_1)
FN:42,(anonymous_2)
FN:51,(anonymous_3)
FN:60,(anonymous_4)
FN:61,(anonymous_5)
FN:79,(anonymous_6)
FN:86,(anonymous_7)
FN:100,(anonymous_8)
FN:100,(anonymous_9)
FN:127,(anonymous_10)
FN:127,(anonymous_11)
FN:134,(anonymous_12)
FN:134,(anonymous_13)
FN:158,(anonymous_14)
FN:158,(anonymous_15)
FN:170,(anonymous_16)
FN:170,(anonymous_17)
FN:181,(anonymous_18)
FN:181,(anonymous_19)
FN:192,(anonymous_20)
FN:192,(anonymous_21)
FN:219,(anonymous_22)
FNF:23
FNH:0
FNDA:0,BusinessPartnershipApplication
FNDA:0,(anonymous_1)
FNDA:0,(anonymous_2)
FNDA:0,(anonymous_3)
FNDA:0,(anonymous_4)
FNDA:0,(anonymous_5)
FNDA:0,(anonymous_6)
FNDA:0,(anonymous_7)
FNDA:0,(anonymous_8)
FNDA:0,(anonymous_9)
FNDA:0,(anonymous_10)
FNDA:0,(anonymous_11)
FNDA:0,(anonymous_12)
FNDA:0,(anonymous_13)
FNDA:0,(anonymous_14)
FNDA:0,(anonymous_15)
FNDA:0,(anonymous_16)
FNDA:0,(anonymous_17)
FNDA:0,(anonymous_18)
FNDA:0,(anonymous_19)
FNDA:0,(anonymous_20)
FNDA:0,(anonymous_21)
FNDA:0,(anonymous_22)
DA:13,0
DA:14,0
DA:16,0
DA:26,0
DA:27,0
DA:28,0
DA:29,0
DA:30,0
DA:42,0
DA:43,0
DA:44,0
DA:45,0
DA:46,0
DA:47,0
DA:51,0
DA:52,0
DA:53,0
DA:54,0
DA:55,0
DA:56,0
DA:60,0
DA:61,0
DA:64,0
DA:65,0
DA:75,0
DA:80,0
DA:87,0
DA:100,0
DA:127,0
DA:134,0
DA:158,0
DA:170,0
DA:181,0
DA:192,0
DA:220,0
LF:35
LH:0
BRDA:19,0,0,0
BRDA:19,0,1,0
BRDA:29,1,0,0
BRDA:29,1,1,0
BRDA:33,2,0,0
BRDA:33,2,1,0
BRDA:43,3,0,0
BRDA:43,3,1,0
BRDA:43,3,2,0
BRDA:43,3,3,0
BRDA:52,4,0,0
BRDA:52,4,1,0
BRDA:52,4,2,0
BRDA:52,4,3,0
BRDA:64,5,0,0
BRDA:64,5,1,0
BRDA:80,6,0,0
BRDA:80,6,1,0
BRDA:91,7,0,0
BRDA:91,7,1,0
BRDA:99,8,0,0
BRDA:99,8,1,0
BRDA:198,9,0,0
BRDA:198,9,1,0
BRDA:212,10,0,0
BRDA:212,10,1,0
BRDA:238,11,0,0
BRDA:238,11,1,0
BRDA:244,12,0,0
BRDA:244,12,1,0
BRF:30
BRH:0
end_of_record
TN:
SF:src\components\CatchDesmoinUrlExtractor.tsx
FN:21,CatchDesmoinUrlExtractor
FN:31,(anonymous_1)
FN:55,(anonymous_2)
FN:59,(anonymous_3)
FN:78,(anonymous_4)
FN:79,(anonymous_5)
FN:98,(anonymous_6)
FN:197,(anonymous_7)
FN:210,(anonymous_8)
FN:229,(anonymous_9)
FN:295,(anonymous_10)
FN:339,(anonymous_11)
FN:391,(anonymous_12)
FN:435,(anonymous_13)
FNF:14
FNH:0
FNDA:0,CatchDesmoinUrlExtractor
FNDA:0,(anonymous_1)
FNDA:0,(anonymous_2)
FNDA:0,(anonymous_3)
FNDA:0,(anonymous_4)
FNDA:0,(anonymous_5)
FNDA:0,(anonymous_6)
FNDA:0,(anonymous_7)
FNDA:0,(anonymous_8)
FNDA:0,(anonymous_9)
FNDA:0,(anonymous_10)
FNDA:0,(anonymous_11)
FNDA:0,(anonymous_12)
FNDA:0,(anonymous_13)
DA:22,0
DA:23,0
DA:24,0
DA:25,0
DA:26,0
DA:27,0
DA:28,0
DA:29,0
DA:31,0
DA:32,0
DA:33,0
DA:34,0
DA:35,0
DA:37,0
DA:44,0
DA:45,0
DA:46,0
DA:49,0
DA:51,0
DA:55,0
DA:56,0
DA:59,0
DA:60,0
DA:61,0
DA:62,0
DA:64,0
DA:65,0
DA:67,0
DA:69,0
DA:71,0
DA:72,0
DA:73,0
DA:74,0
DA:78,0
DA:79,0
DA:80,0
DA:81,0
DA:85,0
DA:94,0
DA:95,0
DA:97,0
DA:98,0
DA:99,0
DA:102,0
DA:104,0
DA:105,0
DA:106,0
DA:107,0
DA:110,0
DA:111,0
DA:112,0
DA:114,0
DA:116,0
DA:121,0
DA:122,0
DA:123,0
DA:130,0
DA:131,0
DA:133,0
DA:136,0
DA:137,0
DA:139,0
DA:141,0
DA:145,0
DA:197,0
DA:210,0
DA:229,0
DA:296,0
DA:340,0
DA:392,0
DA:436,0
LF:71
LH:0
BRDA:35,0,0,0
BRDA:35,0,1,0
BRDA:44,1,0,0
BRDA:44,1,1,0
BRDA:59,2,0,0
BRDA:60,3,0,0
BRDA:60,3,1,0
BRDA:72,4,0,0
BRDA:72,4,1,0
BRDA:80,5,0,0
BRDA:80,5,1,0
BRDA:97,6,0,0
BRDA:97,6,1,0
BRDA:99,7,0,0
BRDA:99,7,1,0
BRDA:104,8,0,0
BRDA:104,8,1,0
BRDA:106,9,0,0
BRDA:106,9,1,0
BRDA:111,10,0,0
BRDA:111,10,1,0
BRDA:122,11,0,0
BRDA:122,11,1,0
BRDA:126,12,0,0
BRDA:126,12,1,0
BRDA:130,13,0,0
BRDA:130,13,1,0
BRDA:136,14,0,0
BRDA:136,14,1,0
BRDA:141,15,0,0
BRDA:141,15,1,0
BRDA:169,16,0,0
BRDA:169,16,1,0
BRDA:173,17,0,0
BRDA:173,17,1,0
BRDA:182,18,0,0
BRDA:182,18,1,0
BRDA:197,19,0,0
BRDA:197,19,1,0
BRDA:211,20,0,0
BRDA:211,20,1,0
BRDA:211,20,2,0
BRDA:215,21,0,0
BRDA:215,21,1,0
BRDA:230,22,0,0
BRDA:230,22,1,0
BRDA:230,22,2,0
BRDA:233,23,0,0
BRDA:233,23,1,0
BRDA:245,24,0,0
BRDA:245,24,1,0
BRDA:245,24,2,0
BRDA:250,25,0,0
BRDA:250,25,1,0
BRDA:251,26,0,0
BRDA:251,26,1,0
BRDA:251,26,2,0
BRDA:258,27,0,0
BRDA:258,27,1,0
BRDA:266,28,0,0
BRDA:266,28,1,0
BRDA:288,29,0,0
BRDA:288,29,1,0
BRDA:332,30,0,0
BRDA:332,30,1,0
BRDA:357,31,0,0
BRDA:357,31,1,0
BRDA:360,32,0,0
BRDA:360,32,1,0
BRDA:362,33,0,0
BRDA:362,33,1,0
BRDA:367,34,0,0
BRDA:367,34,1,0
BRDA:370,35,0,0
BRDA:370,35,1,0
BRDA:377,36,0,0
BRDA:377,36,1,0
BRDA:384,37,0,0
BRDA:384,37,1,0
BRDA:428,38,0,0
BRDA:428,38,1,0
BRF:81
BRH:0
end_of_record
TN:
SF:src\components\CommunityChallenge.tsx
FN:14,(anonymous_0)
FN:24,(anonymous_1)
FN:34,CommunityChallenge
FN:45,(anonymous_3)
FNF:4
FNH:0
FNDA:0,(anonymous_0)
FNDA:0,(anonymous_1)
FNDA:0,CommunityChallenge
FNDA:0,(anonymous_3)
DA:14,0
DA:15,0
DA:16,0
DA:17,0
DA:18,0
DA:19,0
DA:20,0
DA:24,0
DA:25,0
DA:26,0
DA:27,0
DA:28,0
DA:29,0
DA:30,0
DA:35,0
DA:36,0
DA:38,0
DA:39,0
DA:41,0
DA:42,0
DA:43,0
DA:45,0
DA:46,0
DA:47,0
DA:51,0
LF:25
LH:0
BRDA:15,0,0,0
BRDA:15,0,1,0
BRDA:15,0,2,0
BRDA:15,0,3,0
BRDA:15,0,4,0
BRDA:25,1,0,0
BRDA:25,1,1,0
BRDA:25,1,2,0
BRDA:25,1,3,0
BRDA:25,1,4,0
BRDA:42,2,0,0
BRDA:42,2,1,0
BRDA:46,3,0,0
BRDA:46,3,1,0
BRDA:52,4,0,0
BRDA:52,4,1,0
BRDA:69,5,0,0
BRDA:69,5,1,0
BRDA:82,6,0,0
BRDA:82,6,1,0
BRDA:88,7,0,0
BRDA:88,7,1,0
BRDA:94,8,0,0
BRDA:94,8,1,0
BRDA:109,9,0,0
BRDA:109,9,1,0
BRDA:109,9,2,0
BRDA:112,10,0,0
BRDA:112,10,1,0
BRDA:119,11,0,0
BRDA:119,11,1,0
BRDA:126,12,0,0
BRDA:126,12,1,0
BRDA:129,13,0,0
BRDA:129,13,1,0
BRDA:137,14,0,0
BRDA:137,14,1,0
BRDA:141,15,0,0
BRDA:141,15,1,0
BRDA:145,16,0,0
BRDA:145,16,1,0
BRF:41
BRH:0
end_of_record
TN:
SF:src\components\CommunityForums.tsx
FN:13,CommunityForums
FN:41,(anonymous_1)
FN:49,(anonymous_2)
FN:59,(anonymous_3)
FN:68,(anonymous_4)
FN:73,(anonymous_5)
FN:78,(anonymous_6)
FN:107,(anonymous_7)
FN:130,(anonymous_8)
FN:146,(anonymous_9)
FN:173,(anonymous_10)
FN:195,(anonymous_11)
FN:195,(anonymous_12)
FN:206,(anonymous_13)
FN:206,(anonymous_14)
FN:223,(anonymous_15)
FN:240,(anonymous_16)
FN:244,(anonymous_17)
FN:304,(anonymous_18)
FN:304,(anonymous_19)
FN:315,(anonymous_20)
FN:315,(anonymous_21)
FN:332,(anonymous_22)
FN:345,(anonymous_23)
FN:349,(anonymous_24)
FNF:25
FNH:0
FNDA:0,CommunityForums
FNDA:0,(anonymous_1)
FNDA:0,(anonymous_2)
FNDA:0,(anonymous_3)
FNDA:0,(anonymous_4)
FNDA:0,(anonymous_5)
FNDA:0,(anonymous_6)
FNDA:0,(anonymous_7)
FNDA:0,(anonymous_8)
FNDA:0,(anonymous_9)
FNDA:0,(anonymous_10)
FNDA:0,(anonymous_11)
FNDA:0,(anonymous_12)
FNDA:0,(anonymous_13)
FNDA:0,(anonymous_14)
FNDA:0,(anonymous_15)
FNDA:0,(anonymous_16)
FNDA:0,(anonymous_17)
FNDA:0,(anonymous_18)
FNDA:0,(anonymous_19)
FNDA:0,(anonymous_20)
FNDA:0,(anonymous_21)
FNDA:0,(anonymous_22)
FNDA:0,(anonymous_23)
FNDA:0,(anonymous_24)
DA:14,0
DA:22,0
DA:24,0
DA:25,0
DA:26,0
DA:27,0
DA:28,0
DA:33,0
DA:37,0
DA:38,0
DA:39,0
DA:41,0
DA:42,0
DA:43,0
DA:44,0
DA:45,0
DA:49,0
DA:50,0
DA:51,0
DA:52,0
DA:53,0
DA:54,0
DA:55,0
DA:59,0
DA:60,0
DA:61,0
DA:62,0
DA:63,0
DA:64,0
DA:68,0
DA:69,0
DA:70,0
DA:73,0
DA:74,0
DA:75,0
DA:78,0
DA:79,0
DA:87,0
DA:88,0
DA:98,0
DA:99,0
DA:107,0
DA:131,0
DA:146,0
DA:164,0
DA:165,0
DA:173,0
DA:195,0
DA:206,0
DA:223,0
DA:241,0
DA:245,0
DA:246,0
DA:279,0
DA:304,0
DA:315,0
DA:332,0
DA:346,0
DA:350,0
DA:351,0
LF:60
LH:0
BRDA:43,0,0,0
BRDA:43,0,1,0
BRDA:50,1,0,0
BRDA:50,1,1,0
BRDA:52,2,0,0
BRDA:52,2,1,0
BRDA:60,3,0,0
BRDA:60,3,1,0
BRDA:60,4,0,0
BRDA:60,4,1,0
BRDA:62,5,0,0
BRDA:62,5,1,0
BRDA:87,6,0,0
BRDA:87,6,1,0
BRDA:98,7,0,0
BRDA:98,7,1,0
BRDA:114,8,0,0
BRDA:114,8,1,0
BRDA:115,9,0,0
BRDA:115,9,1,0
BRDA:141,10,0,0
BRDA:141,10,1,0
BRDA:164,11,0,0
BRDA:164,11,1,0
BRDA:216,12,0,0
BRDA:216,12,1,0
BRDA:233,13,0,0
BRDA:233,13,1,0
BRDA:238,14,0,0
BRDA:238,14,1,0
BRDA:252,15,0,0
BRDA:252,15,1,0
BRDA:253,16,0,0
BRDA:253,16,1,0
BRDA:343,17,0,0
BRDA:343,17,1,0
BRDA:360,18,0,0
BRDA:360,18,1,0
BRF:38
BRH:0
end_of_record
TN:
SF:src\components\CompetitorAnalysis.tsx
FN:59,(anonymous_0)
FN:76,(anonymous_1)
FN:80,(anonymous_2)
FN:131,(anonymous_3)
FN:167,(anonymous_4)
FN:178,(anonymous_5)
FN:186,(anonymous_6)
FN:219,(anonymous_7)
FN:245,(anonymous_8)
FN:246,(anonymous_9)
FN:296,(anonymous_10)
FN:351,(anonymous_11)
FN:359,(anonymous_12)
FN:367,(anonymous_13)
FN:375,(anonymous_14)
FN:380,(anonymous_15)
FN:420,(anonymous_16)
FN:476,(anonymous_17)
FN:493,(anonymous_18)
FN:535,(anonymous_19)
FNF:20
FNH:0
FNDA:0,(anonymous_0)
FNDA:0,(anonymous_1)
FNDA:0,(anonymous_2)
FNDA:0,(anonymous_3)
FNDA:0,(anonymous_4)
FNDA:0,(anonymous_5)
FNDA:0,(anonymous_6)
FNDA:0,(anonymous_7)
FNDA:0,(anonymous_8)
FNDA:0,(anonymous_9)
FNDA:0,(anonymous_10)
FNDA:0,(anonymous_11)
FNDA:0,(anonymous_12)
FNDA:0,(anonymous_13)
FNDA:0,(anonymous_14)
FNDA:0,(anonymous_15)
FNDA:0,(anonymous_16)
FNDA:0,(anonymous_17)
FNDA:0,(anonymous_18)
FNDA:0,(anonymous_19)
DA:59,0
DA:60,0
DA:61,0
DA:62,0
DA:63,0
DA:64,0
DA:65,0
DA:66,0
DA:67,0
DA:68,0
DA:69,0
DA:76,0
DA:77,0
DA:80,0
DA:81,0
DA:82,0
DA:84,0
DA:90,0
DA:91,0
DA:94,0
DA:100,0
DA:101,0
DA:104,0
DA:110,0
DA:111,0
DA:114,0
DA:120,0
DA:121,0
DA:124,0
DA:125,0
DA:127,0
DA:131,0
DA:132,0
DA:133,0
DA:134,0
DA:137,0
DA:138,0
DA:140,0
DA:141,0
DA:149,0
DA:150,0
DA:151,0
DA:153,0
DA:157,0
DA:158,0
DA:160,0
DA:161,0
DA:163,0
DA:167,0
DA:168,0
DA:169,0
DA:170,0
DA:173,0
DA:174,0
DA:176,0
DA:177,0
DA:178,0
DA:181,0
DA:183,0
DA:187,0
DA:199,0
DA:203,0
DA:204,0
DA:205,0
DA:209,0
DA:210,0
DA:212,0
DA:213,0
DA:215,0
DA:219,0
DA:220,0
DA:221,0
DA:228,0
DA:230,0
DA:231,0
DA:237,0
DA:238,0
DA:240,0
DA:241,0
DA:245,0
DA:246,0
DA:247,0
DA:250,0
DA:251,0
DA:258,0
DA:297,0
DA:351,0
DA:359,0
DA:367,0
DA:375,0
DA:380,0
DA:421,0
DA:477,0
DA:494,0
DA:536,0
LF:95
LH:0
BRDA:90,0,0,0
BRDA:90,0,1,0
BRDA:91,1,0,0
BRDA:91,1,1,0
BRDA:100,2,0,0
BRDA:100,2,1,0
BRDA:101,3,0,0
BRDA:101,3,1,0
BRDA:110,4,0,0
BRDA:110,4,1,0
BRDA:111,5,0,0
BRDA:111,5,1,0
BRDA:120,6,0,0
BRDA:120,6,1,0
BRDA:121,7,0,0
BRDA:121,7,1,0
BRDA:132,8,0,0
BRDA:132,8,1,0
BRDA:149,9,0,0
BRDA:149,9,1,0
BRDA:168,10,0,0
BRDA:168,10,1,0
BRDA:181,11,0,0
BRDA:181,11,1,0
BRDA:187,12,0,0
BRDA:187,12,1,0
BRDA:203,13,0,0
BRDA:203,13,1,0
BRDA:228,14,0,0
BRDA:228,14,1,0
BRDA:247,15,0,0
BRDA:247,15,1,0
BRDA:250,16,0,0
BRDA:250,16,1,0
BRDA:270,17,0,0
BRDA:270,17,1,0
BRDA:273,18,0,0
BRDA:273,18,1,0
BRDA:282,19,0,0
BRDA:282,19,1,0
BRDA:284,20,0,0
BRDA:284,20,1,0
BRDA:316,21,0,0
BRDA:316,21,1,0
BRDA:412,22,0,0
BRDA:412,22,1,0
BRDA:430,23,0,0
BRDA:430,23,1,0
BRDA:431,24,0,0
BRDA:431,24,1,0
BRDA:438,25,0,0
BRDA:438,25,1,0
BRDA:445,26,0,0
BRDA:445,26,1,0
BRDA:469,27,0,0
BRDA:469,27,1,0
BRDA:486,28,0,0
BRDA:486,28,1,0
BRDA:527,29,0,0
BRDA:527,29,1,0
BRDA:553,30,0,0
BRDA:553,30,1,0
BRDA:557,31,0,0
BRDA:557,31,1,0
BRF:64
BRH:0
end_of_record
TN:
SF:src\components\CompetitorAnalysisDashboard.tsx
FN:55,CompetitorAnalysisDashboard
FN:64,(anonymous_1)
FN:68,(anonymous_2)
FN:93,(anonymous_3)
FN:121,(anonymous_4)
FN:145,(anonymous_5)
FN:153,(anonymous_6)
FN:164,(anonymous_7)
FN:191,(anonymous_8)
FN:199,(anonymous_9)
FN:238,(anonymous_10)
FN:298,(anonymous_11)
FN:306,(anonymous_12)
FN:323,(anonymous_13)
FN:369,(anonymous_14)
FN:403,(anonymous_15)
FNF:16
FNH:0
FNDA:0,CompetitorAnalysisDashboard
FNDA:0,(anonymous_1)
FNDA:0,(anonymous_2)
FNDA:0,(anonymous_3)
FNDA:0,(anonymous_4)
FNDA:0,(anonymous_5)
FNDA:0,(anonymous_6)
FNDA:0,(anonymous_7)
FNDA:0,(anonymous_8)
FNDA:0,(anonymous_9)
FNDA:0,(anonymous_10)
FNDA:0,(anonymous_11)
FNDA:0,(anonymous_12)
FNDA:0,(anonymous_13)
FNDA:0,(anonymous_14)
FNDA:0,(anonymous_15)
DA:56,0
DA:57,0
DA:58,0
DA:59,0
DA:60,0
DA:61,0
DA:62,0
DA:64,0
DA:65,0
DA:68,0
DA:69,0
DA:70,0
DA:77,0
DA:78,0
DA:79,0
DA:80,0
DA:82,0
DA:83,0
DA:89,0
DA:93,0
DA:94,0
DA:95,0
DA:96,0
DA:100,0
DA:102,0
DA:108,0
DA:110,0
DA:111,0
DA:117,0
DA:121,0
DA:122,0
DA:123,0
DA:124,0
DA:125,0
DA:126,0
DA:130,0
DA:131,0
DA:134,0
DA:145,0
DA:153,0
DA:165,0
DA:191,0
DA:199,0
DA:239,0
DA:298,0
DA:307,0
DA:324,0
DA:370,0
DA:404,0
LF:49
LH:0
BRDA:77,0,0,0
BRDA:77,0,1,0
BRDA:78,1,0,0
BRDA:78,1,1,0
BRDA:79,2,0,0
BRDA:79,2,1,0
BRDA:80,3,0,0
BRDA:80,3,1,0
BRDA:100,4,0,0
BRDA:100,4,1,0
BRDA:122,5,0,0
BRDA:122,5,1,0
BRDA:122,5,2,0
BRDA:122,5,3,0
BRDA:130,6,0,0
BRDA:130,6,1,0
BRDA:149,7,0,0
BRDA:149,7,1,0
BRDA:229,8,0,0
BRDA:229,8,1,0
BRDA:257,9,0,0
BRDA:257,9,1,0
BRDA:288,10,0,0
BRDA:288,10,1,0
BRDA:332,11,0,0
BRDA:332,11,1,0
BRDA:360,12,0,0
BRDA:360,12,1,0
BRDA:388,13,0,0
BRDA:388,13,1,0
BRDA:393,14,0,0
BRDA:393,14,1,0
BRDA:399,15,0,0
BRDA:399,15,1,0
BRDA:399,15,2,0
BRDA:410,16,0,0
BRDA:410,16,1,0
BRF:37
BRH:0
end_of_record
TN:
SF:src\components\ContentEditDialog.tsx
FN:102,ContentEditDialog
FN:119,(anonymous_1)
FN:129,(anonymous_2)
FN:134,(anonymous_3)
FN:158,(anonymous_4)
FN:164,(anonymous_5)
FN:191,(anonymous_6)
FN:192,(anonymous_7)
FN:204,(anonymous_8)
FN:206,(anonymous_9)
FN:214,(anonymous_10)
FN:215,(anonymous_11)
FN:217,(anonymous_12)
FN:221,(anonymous_13)
FN:234,(anonymous_14)
FN:245,(anonymous_15)
FN:335,(anonymous_16)
FN:344,(anonymous_17)
FN:355,(anonymous_18)
FN:367,(anonymous_19)
FN:377,(anonymous_20)
FN:383,(anonymous_21)
FN:397,(anonymous_22)
FN:422,(anonymous_23)
FN:449,(anonymous_24)
FN:464,(anonymous_25)
FN:481,(anonymous_26)
FN:483,(anonymous_27)
FN:493,(anonymous_28)
FN:499,(anonymous_29)
FN:507,(anonymous_30)
FN:521,(anonymous_31)
FN:544,(anonymous_32)
FN:596,(anonymous_33)
FNF:34
FNH:0
FNDA:0,ContentEditDialog
FNDA:0,(anonymous_1)
FNDA:0,(anonymous_2)
FNDA:0,(anonymous_3)
FNDA:0,(anonymous_4)
FNDA:0,(anonymous_5)
FNDA:0,(anonymous_6)
FNDA:0,(anonymous_7)
FNDA:0,(anonymous_8)
FNDA:0,(anonymous_9)
FNDA:0,(anonymous_10)
FNDA:0,(anonymous_11)
FNDA:0,(anonymous_12)
FNDA:0,(anonymous_13)
FNDA:0,(anonymous_14)
FNDA:0,(anonymous_15)
FNDA:0,(anonymous_16)
FNDA:0,(anonymous_17)
FNDA:0,(anonymous_18)
FNDA:0,(anonymous_19)
FNDA:0,(anonymous_20)
FNDA:0,(anonymous_21)
FNDA:0,(anonymous_22)
FNDA:0,(anonymous_23)
FNDA:0,(anonymous_24)
FNDA:0,(anonymous_25)
FNDA:0,(anonymous_26)
FNDA:0,(anonymous_27)
FNDA:0,(anonymous_28)
FNDA:0,(anonymous_29)
FNDA:0,(anonymous_30)
FNDA:0,(anonymous_31)
FNDA:0,(anonymous_32)
FNDA:0,(anonymous_33)
DA:30,0
DA:109,0
DA:110,0
DA:111,0
DA:112,0
DA:113,0
DA:115,0
DA:116,0
DA:119,0
DA:120,0
DA:121,0
DA:122,0
DA:124,0
DA:125,0
DA:129,0
DA:130,0
DA:132,0
DA:134,0
DA:135,0
DA:138,0
DA:139,0
DA:141,0
DA:142,0
DA:144,0
DA:145,0
DA:147,0
DA:148,0
DA:151,0
DA:154,0
DA:155,0
DA:158,0
DA:159,0
DA:161,0
DA:164,0
DA:165,0
DA:166,0
DA:168,0
DA:169,0
DA:172,0
DA:173,0
DA:177,0
DA:178,0
DA:181,0
DA:182,0
DA:185,0
DA:186,0
DA:191,0
DA:192,0
DA:198,0
DA:199,0
DA:200,0
DA:204,0
DA:205,0
DA:206,0
DA:210,0
DA:214,0
DA:215,0
DA:217,0
DA:221,0
DA:223,0
DA:224,0
DA:225,0
DA:226,0
DA:227,0
DA:228,0
DA:230,0
DA:234,0
DA:235,0
DA:236,0
DA:238,0
DA:240,0
DA:241,0
DA:242,0
DA:245,0
DA:246,0
DA:247,0
DA:248,0
DA:250,0
DA:256,0
DA:257,0
DA:258,0
DA:259,0
DA:261,0
DA:263,0
DA:264,0
DA:268,0
DA:270,0
DA:271,0
DA:276,0
DA:277,0
DA:280,0
DA:283,0
DA:289,0
DA:291,0
DA:292,0
DA:293,0
DA:296,0
DA:297,0
DA:298,0
DA:300,0
DA:306,0
DA:307,0
DA:310,0
DA:312,0
DA:313,0
DA:314,0
DA:317,0
DA:318,0
DA:319,0
DA:322,0
DA:323,0
DA:324,0
DA:325,0
DA:326,0
DA:328,0
DA:329,0
DA:331,0
DA:335,0
DA:336,0
DA:338,0
DA:341,0
DA:344,0
DA:351,0
DA:355,0
DA:364,0
DA:367,0
DA:374,0
DA:377,0
DA:384,0
DA:393,0
DA:397,0
DA:404,0
DA:422,0
DA:430,0
DA:450,0
DA:451,0
DA:452,0
DA:453,0
DA:465,0
DA:466,0
DA:467,0
DA:468,0
DA:476,0
DA:481,0
DA:484,0
DA:485,0
DA:486,0
DA:493,0
DA:500,0
DA:507,0
DA:518,0
DA:521,0
DA:528,0
DA:545,0
DA:596,0
LF:155
LH:0
BRDA:120,0,0,0
BRDA:120,0,1,0
BRDA:120,1,0,0
BRDA:120,1,1,0
BRDA:120,1,2,0
BRDA:130,2,0,0
BRDA:130,2,1,0
BRDA:138,3,0,0
BRDA:138,3,1,0
BRDA:138,4,0,0
BRDA:138,4,1,0
BRDA:141,5,0,0
BRDA:141,5,1,0
BRDA:141,6,0,0
BRDA:141,6,1,0
BRDA:144,7,0,0
BRDA:144,7,1,0
BRDA:144,8,0,0
BRDA:144,8,1,0
BRDA:147,9,0,0
BRDA:147,9,1,0
BRDA:147,10,0,0
BRDA:147,10,1,0
BRDA:159,11,0,0
BRDA:159,11,1,0
BRDA:159,12,0,0
BRDA:159,12,1,0
BRDA:165,13,0,0
BRDA:165,13,1,0
BRDA:165,14,0,0
BRDA:165,14,1,0
BRDA:165,14,2,0
BRDA:168,15,0,0
BRDA:168,15,1,0
BRDA:168,16,0,0
BRDA:168,16,1,0
BRDA:172,17,0,0
BRDA:172,17,1,0
BRDA:185,18,0,0
BRDA:185,18,1,0
BRDA:185,19,0,0
BRDA:185,19,1,0
BRDA:198,20,0,0
BRDA:198,20,1,0
BRDA:198,21,0,0
BRDA:198,21,1,0
BRDA:205,22,0,0
BRDA:205,22,1,0
BRDA:208,23,0,0
BRDA:208,23,1,0
BRDA:223,24,0,0
BRDA:223,24,1,0
BRDA:223,24,2,0
BRDA:223,24,3,0
BRDA:223,24,4,0
BRDA:223,24,5,0
BRDA:246,25,0,0
BRDA:246,25,1,0
BRDA:246,26,0,0
BRDA:246,26,1,0
BRDA:246,26,2,0
BRDA:247,27,0,0
BRDA:247,27,1,0
BRDA:268,28,0,0
BRDA:268,28,1,0
BRDA:291,29,0,0
BRDA:291,29,1,0
BRDA:312,30,0,0
BRDA:312,30,1,0
BRDA:317,31,0,0
BRDA:317,31,1,0
BRDA:317,32,0,0
BRDA:317,32,1,0
BRDA:319,33,0,0
BRDA:319,33,1,0
BRDA:323,34,0,0
BRDA:323,34,1,0
BRDA:338,35,0,0
BRDA:338,35,1,0
BRDA:338,35,2,0
BRDA:338,35,3,0
BRDA:338,35,4,0
BRDA:338,35,5,0
BRDA:338,35,6,0
BRDA:338,35,7,0
BRDA:338,35,8,0
BRDA:338,35,9,0
BRDA:343,36,0,0
BRDA:343,36,1,0
BRDA:354,37,0,0
BRDA:354,37,1,0
BRDA:355,38,0,0
BRDA:355,38,1,0
BRDA:366,39,0,0
BRDA:366,39,1,0
BRDA:376,40,0,0
BRDA:376,40,1,0
BRDA:396,41,0,0
BRDA:396,41,1,0
BRDA:399,42,0,0
BRDA:399,42,1,0
BRDA:411,43,0,0
BRDA:411,43,1,0
BRDA:415,44,0,0
BRDA:415,44,1,0
BRDA:438,45,0,0
BRDA:438,45,1,0
BRDA:442,46,0,0
BRDA:442,46,1,0
BRDA:450,47,0,0
BRDA:450,47,1,0
BRDA:451,48,0,0
BRDA:451,48,1,0
BRDA:463,49,0,0
BRDA:463,49,1,0
BRDA:466,50,0,0
BRDA:466,50,1,0
BRDA:484,51,0,0
BRDA:484,51,1,0
BRDA:499,52,0,0
BRDA:499,52,1,0
BRDA:520,53,0,0
[...]
FNDA:0,(anonymous_46)
FNDA:0,(anonymous_47)
FNDA:0,(anonymous_48)
FNDA:0,(anonymous_49)
FNDA:0,(anonymous_50)
FNDA:0,(anonymous_51)
FNDA:0,(anonymous_52)
FNDA:0,(anonymous_53)
FNDA:0,(anonymous_54)
FNDA:0,(anonymous_55)
FNDA:0,(anonymous_56)
FNDA:0,(anonymous_57)
FNDA:0,(anonymous_58)
FNDA:0,(anonymous_59)
DA:67,0
DA:70,0
DA:81,0
DA:91,0
DA:92,0
DA:93,0
DA:104,0
DA:105,0
DA:106,0
DA:107,0
DA:108,0
DA:109,0
DA:111,0
DA:112,0
DA:115,0
DA:116,0
DA:117,0
DA:118,0
DA:121,0
DA:124,0
DA:125,0
DA:126,0
DA:127,0
DA:130,0
DA:131,0
DA:133,0
DA:140,0
DA:141,0
DA:152,0
DA:153,0
DA:154,0
DA:160,0
DA:161,0
DA:162,0
DA:164,0
DA:165,0
DA:167,0
DA:168,0
DA:170,0
DA:172,0
DA:174,0
DA:176,0
DA:178,0
DA:180,0
DA:182,0
DA:187,0
DA:188,0
DA:189,0
DA:190,0
DA:191,0
DA:192,0
DA:193,0
DA:194,0
DA:195,0
DA:196,0
DA:197,0
DA:200,0
DA:203,0
DA:204,0
DA:209,0
DA:231,0
DA:238,0
DA:279,0
DA:325,0
DA:336,0
DA:337,0
DA:338,0
DA:347,0
DA:360,0
DA:373,0
DA:387,0
DA:400,0
DA:437,0
DA:438,0
DA:439,0
DA:442,0
DA:464,0
DA:472,0
DA:473,0
DA:520,0
DA:530,0
DA:562,0
DA:568,0
DA:571,0
DA:577,0
DA:580,0
DA:586,0
DA:589,0
DA:595,0
DA:597,0
DA:606,0
DA:615,0
DA:624,0
DA:656,0
DA:670,0
DA:687,0
DA:696,0
DA:728,0
DA:758,0
DA:759,0
DA:774,0
LF:101
LH:0
BRDA:117,0,0,0
BRDA:117,0,1,0
BRDA:126,1,0,0
BRDA:126,1,1,0
BRDA:135,2,0,0
BRDA:135,2,1,0
BRDA:162,3,0,0
BRDA:162,3,1,0
BRDA:162,3,2,0
BRDA:162,3,3,0
BRDA:162,3,4,0
BRDA:162,3,5,0
BRDA:162,3,6,0
BRDA:162,3,7,0
BRDA:162,3,8,0
BRDA:189,4,0,0
BRDA:189,4,1,0
BRDA:194,5,0,0
BRDA:194,5,1,0
BRDA:195,6,0,0
BRDA:195,6,1,0
BRDA:196,7,0,0
BRDA:196,7,1,0
BRDA:196,8,0,0
BRDA:196,8,1,0
BRDA:237,9,0,0
BRDA:237,9,1,0
BRDA:250,10,0,0
BRDA:250,10,1,0
BRDA:254,11,0,0
BRDA:254,11,1,0
BRDA:255,12,0,0
BRDA:255,12,1,0
BRDA:262,13,0,0
BRDA:262,13,1,0
BRDA:266,14,0,0
BRDA:266,14,1,0
BRDA:267,15,0,0
BRDA:267,15,1,0
BRDA:268,16,0,0
BRDA:268,16,1,0
BRDA:323,17,0,0
BRDA:323,17,1,0
BRDA:330,18,0,0
BRDA:330,18,1,0
BRDA:358,19,0,0
BRDA:358,19,1,0
BRDA:362,20,0,0
BRDA:362,20,1,0
BRDA:371,21,0,0
BRDA:371,21,1,0
BRDA:375,22,0,0
BRDA:375,22,1,0
BRDA:391,23,0,0
BRDA:391,23,1,0
BRDA:404,24,0,0
BRDA:404,24,1,0
BRDA:444,25,0,0
BRDA:444,25,1,0
BRDA:486,26,0,0
BRDA:486,26,1,0
BRDA:495,27,0,0
BRDA:495,27,1,0
BRDA:521,28,0,0
BRDA:521,28,1,0
BRDA:535,29,0,0
BRDA:535,29,1,0
BRDA:546,30,0,0
BRDA:546,30,1,0
BRDA:550,31,0,0
BRDA:550,31,1,0
BRDA:557,32,0,0
BRDA:557,32,1,0
BRDA:559,33,0,0
BRDA:559,33,1,0
BRDA:602,34,0,0
BRDA:602,34,1,0
BRDA:611,35,0,0
BRDA:611,35,1,0
BRDA:618,36,0,0
BRDA:618,36,1,0
BRDA:618,36,2,0
BRDA:641,37,0,0
BRDA:641,37,1,0
BRDA:641,37,2,0
BRDA:672,38,0,0
BRDA:672,38,1,0
BRDA:677,39,0,0
BRDA:677,39,1,0
BRDA:677,39,2,0
BRDA:710,40,0,0
BRDA:710,40,1,0
BRDA:714,41,0,0
BRDA:714,41,1,0
BRDA:720,42,0,0
BRDA:720,42,1,0
BRDA:733,43,0,0
BRDA:733,43,1,0
BRDA:735,44,0,0
BRDA:735,44,1,0
BRDA:737,45,0,0
BRDA:737,45,1,0
BRDA:742,46,0,0
BRDA:742,46,1,0
BRDA:747,47,0,0
BRDA:747,47,1,0
BRDA:767,48,0,0
BRDA:767,48,1,0
BRDA:769,49,0,0
BRDA:769,49,1,0
BRF:110
BRH:0
end_of_record
TN:
SF:src\pages\RestaurantsPage.tsx
FN:34,(anonymous_0)
FN:36,RestaurantsPage
FN:56,(anonymous_2)
FN:91,(anonymous_3)
FN:98,(anonymous_4)
FN:103,(anonymous_5)
FN:108,(anonymous_6)
FN:153,(anonymous_7)
FN:182,(anonymous_8)
FN:232,(anonymous_9)
FN:240,(anonymous_10)
FN:249,(anonymous_11)
FN:259,(anonymous_12)
FN:294,(anonymous_13)
FN:376,(anonymous_14)
FN:457,(anonymous_15)
FN:457,(anonymous_16)
FNF:17
FNH:0
FNDA:0,(anonymous_0)
FNDA:0,RestaurantsPage
FNDA:0,(anonymous_2)
FNDA:0,(anonymous_3)
FNDA:0,(anonymous_4)
FNDA:0,(anonymous_5)
FNDA:0,(anonymous_6)
FNDA:0,(anonymous_7)
FNDA:0,(anonymous_8)
FNDA:0,(anonymous_9)
FNDA:0,(anonymous_10)
FNDA:0,(anonymous_11)
FNDA:0,(anonymous_12)
FNDA:0,(anonymous_13)
FNDA:0,(anonymous_14)
FNDA:0,(anonymous_15)
FNDA:0,(anonymous_16)
DA:34,0
DA:37,0
DA:38,0
DA:39,0
DA:40,0
DA:41,0
DA:42,0
DA:43,0
DA:44,0
DA:45,0
DA:47,0
DA:57,0
DA:64,0
DA:65,0
DA:71,0
DA:72,0
DA:75,0
DA:76,0
DA:79,0
DA:80,0
DA:81,0
DA:86,0
DA:87,0
DA:88,0
DA:91,0
DA:92,0
DA:96,0
DA:99,0
DA:102,0
DA:103,0
DA:108,0
DA:109,0
DA:110,0
DA:111,0
DA:112,0
DA:113,0
DA:120,0
DA:126,0
DA:132,0
DA:146,0
DA:153,0
DA:168,0
DA:169,0
DA:183,0
DA:194,0
DA:232,0
DA:240,0
DA:249,0
DA:259,0
DA:295,0
DA:377,0
DA:457,0
LF:52
LH:0
BRDA:64,0,0,0
BRDA:64,0,1,0
BRDA:71,1,0,0
BRDA:71,1,1,0
BRDA:71,2,0,0
BRDA:71,2,1,0
BRDA:75,3,0,0
BRDA:75,3,1,0
BRDA:75,4,0,0
BRDA:75,4,1,0
BRDA:80,5,0,0
BRDA:80,5,1,0
BRDA:81,6,0,0
BRDA:81,6,1,0
BRDA:81,7,0,0
BRDA:81,7,1,0
BRDA:86,8,0,0
BRDA:86,8,1,0
BRDA:87,9,0,0
BRDA:87,9,1,0
BRDA:102,10,0,0
BRDA:102,10,1,0
BRDA:103,11,0,0
BRDA:103,11,1,0
BRDA:120,12,0,0
BRDA:120,12,1,0
BRDA:122,13,0,0
BRDA:122,13,1,0
BRDA:122,14,0,0
BRDA:122,14,1,0
BRDA:126,15,0,0
BRDA:126,15,1,0
BRDA:127,16,0,0
BRDA:127,16,1,0
BRDA:127,17,0,0
BRDA:127,17,1,0
BRDA:140,18,0,0
BRDA:140,18,1,0
BRDA:140,19,0,0
BRDA:140,19,1,0
BRDA:143,20,0,0
BRDA:143,20,1,0
BRDA:151,21,0,0
BRDA:151,21,1,0
BRDA:153,22,0,0
BRDA:153,22,1,0
BRDA:168,23,0,0
BRDA:168,23,1,0
BRDA:250,24,0,0
BRDA:250,24,1,0
BRDA:252,25,0,0
BRDA:252,25,1,0
BRDA:260,26,0,0
BRDA:260,26,1,0
BRDA:262,27,0,0
BRDA:262,27,1,0
BRDA:277,28,0,0
BRDA:277,28,1,0
BRDA:350,29,0,0
BRDA:350,29,1,0
BRDA:359,30,0,0
BRDA:359,30,1,0
BRDA:361,31,0,0
BRDA:361,31,1,0
BRDA:361,32,0,0
BRDA:361,32,1,0
BRDA:366,33,0,0
BRDA:366,33,1,0
BRDA:370,34,0,0
BRDA:370,34,1,0
BRDA:372,35,0,0
BRDA:372,35,1,0
BRDA:379,36,0,0
BRDA:379,36,1,0
BRDA:382,37,0,0
BRDA:382,37,1,0
BRDA:402,38,0,0
BRDA:402,38,1,0
BRDA:412,39,0,0
BRDA:412,39,1,0
BRDA:426,40,0,0
BRDA:426,40,1,0
BRDA:434,41,0,0
BRDA:434,41,1,0
BRDA:440,42,0,0
BRDA:440,42,1,0
BRDA:454,43,0,0
BRDA:454,43,1,0
BRDA:454,43,2,0
BRDA:454,43,3,0
BRDA:454,43,4,0
BRDA:471,44,0,0
BRDA:471,44,1,0
BRDA:471,44,2,0
BRDA:471,44,3,0
BRDA:471,44,4,0
BRDA:474,45,0,0
BRDA:474,45,1,0
BRDA:474,45,2,0
BRDA:483,46,0,0
BRDA:483,46,1,0
BRDA:483,47,0,0
BRDA:483,47,1,0
BRDA:486,48,0,0
BRDA:486,48,1,0
BRDA:486,48,2,0
BRF:106
BRH:0
end_of_record
TN:
SF:src\pages\SEODashboard.tsx
FN:6,SEODashboard
FNF:1
FNH:0
FNDA:0,SEODashboard
DA:7,0
DA:9,0
DA:10,0
DA:17,0
DA:18,0
DA:30,0
LF:6
LH:0
BRDA:9,0,0,0
BRDA:9,0,1,0
BRDA:17,1,0,0
BRDA:17,1,1,0
BRF:4
BRH:0
end_of_record
TN:
SF:src\pages\Social.tsx
FN:32,Social
FN:43,(anonymous_1)
FN:133,(anonymous_2)
FN:154,(anonymous_3)
FN:194,(anonymous_4)
FN:198,(anonymous_5)
FN:230,(anonymous_6)
FN:311,(anonymous_7)
FN:346,(anonymous_8)
FNF:9
FNH:0
FNDA:0,Social
FNDA:0,(anonymous_1)
FNDA:0,(anonymous_2)
FNDA:0,(anonymous_3)
FNDA:0,(anonymous_4)
FNDA:0,(anonymous_5)
FNDA:0,(anonymous_6)
FNDA:0,(anonymous_7)
FNDA:0,(anonymous_8)
DA:33,0
DA:34,0
DA:35,0
DA:36,0
DA:37,0
DA:38,0
DA:40,0
DA:43,0
DA:44,0
DA:46,0
DA:47,0
DA:48,0
DA:49,0
DA:54,0
DA:62,0
DA:63,0
DA:90,0
DA:133,0
DA:155,0
DA:195,0
DA:198,0
DA:230,0
DA:312,0
DA:347,0
DA:348,0
LF:25
LH:0
BRDA:44,0,0,0
BRDA:44,0,1,0
BRDA:62,1,0,0
BRDA:62,1,1,0
BRDA:148,2,0,0
BRDA:148,2,1,0
BRDA:152,3,0,0
BRDA:152,3,1,0
BRDA:152,4,0,0
BRDA:152,4,1,0
BRDA:161,5,0,0
BRDA:161,5,1,0
BRDA:192,6,0,0
BRDA:192,6,1,0
BRDA:192,7,0,0
BRDA:192,7,1,0
BRDA:208,8,0,0
BRDA:208,8,1,0
BRDA:210,9,0,0
BRDA:210,9,1,0
BRDA:226,10,0,0
BRDA:226,10,1,0
BRDA:305,11,0,0
BRDA:305,11,1,0
BRDA:305,12,0,0
BRDA:305,12,1,0
BRDA:318,13,0,0
BRDA:318,13,1,0
BRF:28
BRH:0
end_of_record
TN:
SF:src\pages\SubscriptionPortal.tsx
FN:58,SubscriptionPortal
FN:83,(anonymous_1)
FN:90,(anonymous_2)
FN:114,(anonymous_3)
FN:123,(anonymous_4)
FN:132,(anonymous_5)
FN:140,(anonymous_6)
FN:148,(anonymous_7)
FN:180,(anonymous_8)
FN:329,(anonymous_9)
FN:330,(anonymous_10)
FN:342,(anonymous_11)
FN:500,(anonymous_12)
FN:544,(anonymous_13)
FN:576,(anonymous_14)
FN:583,(anonymous_15)
FN:625,(anonymous_16)
FN:655,(anonymous_17)
FN:664,(anonymous_18)
FNF:19
FNH:0
FNDA:0,SubscriptionPortal
FNDA:0,(anonymous_1)
FNDA:0,(anonymous_2)
FNDA:0,(anonymous_3)
FNDA:0,(anonymous_4)
FNDA:0,(anonymous_5)
FNDA:0,(anonymous_6)
FNDA:0,(anonymous_7)
FNDA:0,(anonymous_8)
FNDA:0,(anonymous_9)
FNDA:0,(anonymous_10)
FNDA:0,(anonymous_11)
FNDA:0,(anonymous_12)
FNDA:0,(anonymous_13)
FNDA:0,(anonymous_14)
FNDA:0,(anonymous_15)
FNDA:0,(anonymous_16)
FNDA:0,(anonymous_17)
FNDA:0,(anonymous_18)
DA:59,0
DA:60,0
DA:61,0
DA:78,0
DA:79,0
DA:81,0
DA:83,0
DA:84,0
DA:90,0
DA:94,0
DA:110,0
DA:111,0
DA:114,0
DA:115,0
DA:116,0
DA:117,0
DA:119,0
DA:123,0
DA:124,0
DA:125,0
DA:126,0
DA:128,0
DA:132,0
DA:133,0
DA:134,0
DA:136,0
DA:140,0
DA:141,0
DA:142,0
DA:144,0
DA:148,0
DA:149,0
DA:150,0
DA:151,0
DA:155,0
DA:156,0
DA:170,0
DA:180,0
DA:329,0
DA:331,0
DA:342,0
DA:501,0
DA:545,0
DA:576,0
DA:583,0
DA:626,0
DA:656,0
DA:665,0
LF:48
LH:0
BRDA:83,0,0,0
BRDA:110,1,0,0
BRDA:110,1,1,0
BRDA:150,2,0,0
BRDA:150,2,1,0
BRDA:155,3,0,0
BRDA:155,3,1,0
BRDA:225,4,0,0
BRDA:225,4,1,0
BRDA:235,5,0,0
BRDA:235,5,1,0
BRDA:240,6,0,0
BRDA:240,6,1,0
BRDA:242,7,0,0
BRDA:242,7,1,0
BRDA:250,8,0,0
BRDA:250,8,1,0
BRDA:252,9,0,0
BRDA:252,9,1,0
BRDA:257,10,0,0
BRDA:257,10,1,0
BRDA:259,11,0,0
BRDA:259,11,1,0
BRDA:270,12,0,0
BRDA:270,12,1,0
BRDA:279,13,0,0
BRDA:279,13,1,0
BRDA:279,13,2,0
BRDA:305,14,0,0
BRDA:305,14,1,0
BRDA:321,15,0,0
BRDA:321,15,1,0
BRDA:346,16,0,0
BRDA:346,16,1,0
BRDA:358,17,0,0
BRDA:358,17,1,0
BRDA:366,18,0,0
BRDA:366,18,1,0
BRDA:368,19,0,0
BRDA:368,19,1,0
BRDA:373,20,0,0
BRDA:373,20,1,0
BRDA:384,21,0,0
BRDA:384,21,1,0
BRDA:415,22,0,0
BRDA:415,22,1,0
BRDA:430,23,0,0
BRDA:430,23,1,0
BRDA:447,24,0,0
BRDA:447,24,1,0
BRDA:447,24,2,0
BRDA:492,25,0,0
BRDA:492,25,1,0
BRDA:492,25,2,0
BRDA:499,26,0,0
BRDA:499,26,1,0
BRDA:526,27,0,0
BRDA:526,27,1,0
BRDA:550,28,0,0
BRDA:550,28,1,0
BRDA:551,29,0,0
BRDA:551,29,1,0
BRDA:553,30,0,0
BRDA:553,30,1,0
BRDA:565,31,0,0
BRDA:565,31,1,0
BRDA:608,32,0,0
BRDA:608,32,1,0
BRDA:639,33,0,0
BRDA:639,33,1,0
BRDA:650,34,0,0
BRDA:650,34,1,0
BRF:72
BRH:0
end_of_record
TN:
SF:src\pages\SubscriptionSuccess.tsx
FN:12,SubscriptionSuccess
FN:20,(anonymous_1)
FN:22,(anonymous_2)
FN:24,(anonymous_3)
FN:139,(anonymous_4)
FN:177,(anonymous_5)
FN:185,(anonymous_6)
FN:193,(anonymous_7)
FN:201,(anonymous_8)
FNF:9
FNH:0
FNDA:0,SubscriptionSuccess
FNDA:0,(anonymous_1)
FNDA:0,(anonymous_2)
FNDA:0,(anonymous_3)
FNDA:0,(anonymous_4)
FNDA:0,(anonymous_5)
FNDA:0,(anonymous_6)
FNDA:0,(anonymous_7)
FNDA:0,(anonymous_8)
DA:13,0
DA:14,0
DA:15,0
DA:16,0
DA:18,0
DA:20,0
DA:22,0
DA:24,0
DA:25,0
DA:26,0
DA:29,0
DA:32,0
DA:63,0
DA:64,0
DA:66,0
DA:67,0
DA:84,0
DA:140,0
DA:177,0
DA:185,0
DA:193,0
DA:201,0
LF:22
LH:0
BRDA:63,0,0,0
BRDA:63,0,1,0
BRDA:64,1,0,0
BRDA:64,1,1,0
BRDA:66,2,0,0
BRDA:66,2,1,0
BRDA:66,3,0,0
BRDA:66,3,1,0
BRDA:87,4,0,0
BRDA:87,4,1,0
BRDA:105,5,0,0
BRDA:105,5,1,0
BRDA:118,6,0,0
BRDA:118,6,1,0
BRDA:121,7,0,0
BRDA:121,7,1,0
BRDA:125,8,0,0
BRDA:125,8,1,0
BRDA:139,9,0,0
BRDA:139,9,1,0
BRDA:147,10,0,0
BRDA:147,10,1,0
BRF:22
BRH:0
end_of_record
TN:
SF:src\pages\TeamManagement.tsx
FN:23,TeamManagement
FN:37,(anonymous_1)
FN:48,(anonymous_2)
FN:58,(anonymous_3)
FN:68,(anonymous_4)
FN:78,(anonymous_5)
FN:88,(anonymous_6)
FN:100,(anonymous_7)
FN:113,(anonymous_8)
FN:171,(anonymous_9)
FN:189,(anonymous_10)
FN:222,(anonymous_11)
FN:229,(anonymous_12)
FN:240,(anonymous_13)
FN:278,(anonymous_14)
FN:284,(anonymous_15)
FN:298,(anonymous_16)
FN:320,(anonymous_17)
FN:333,(anonymous_18)
FNF:19
FNH:0
FNDA:0,TeamManagement
FNDA:0,(anonymous_1)
FNDA:0,(anonymous_2)
FNDA:0,(anonymous_3)
FNDA:0,(anonymous_4)
FNDA:0,(anonymous_5)
FNDA:0,(anonymous_6)
FNDA:0,(anonymous_7)
FNDA:0,(anonymous_8)
FNDA:0,(anonymous_9)
FNDA:0,(anonymous_10)
FNDA:0,(anonymous_11)
FNDA:0,(anonymous_12)
FNDA:0,(anonymous_13)
FNDA:0,(anonymous_14)
FNDA:0,(anonymous_15)
FNDA:0,(anonymous_16)
FNDA:0,(anonymous_17)
FNDA:0,(anonymous_18)
DA:24,0
DA:25,0
DA:26,0
DA:27,0
DA:29,0
DA:30,0
DA:31,0
DA:32,0
DA:33,0
DA:34,0
DA:35,0
DA:37,0
DA:38,0
DA:40,0
DA:41,0
DA:42,0
DA:43,0
DA:44,0
DA:48,0
DA:49,0
DA:51,0
DA:52,0
DA:53,0
DA:54,0
DA:58,0
DA:59,0
DA:61,0
DA:62,0
DA:63,0
DA:64,0
DA:68,0
DA:69,0
DA:75,0
DA:78,0
DA:79,0
DA:85,0
DA:88,0
DA:89,0
DA:96,0
DA:100,0
DA:113,0
DA:171,0
DA:190,0
DA:222,0
DA:230,0
DA:231,0
DA:232,0
DA:241,0
DA:242,0
DA:278,0
DA:284,0
DA:298,0
DA:320,0
DA:333,0
LF:54
LH:0
BRDA:38,0,0,0
BRDA:38,0,1,0
BRDA:41,1,0,0
BRDA:41,1,1,0
BRDA:49,2,0,0
BRDA:49,2,1,0
BRDA:52,3,0,0
BRDA:52,3,1,0
BRDA:59,4,0,0
BRDA:59,4,1,0
BRDA:62,5,0,0
BRDA:62,5,1,0
BRDA:75,6,0,0
BRDA:75,6,1,0
BRDA:85,7,0,0
BRDA:85,7,1,0
BRDA:160,8,0,0
BRDA:160,8,1,0
BRDA:164,9,0,0
BRDA:164,9,1,0
BRDA:211,10,0,0
BRDA:211,10,1,0
BRDA:221,11,0,0
BRDA:221,11,1,0
BRDA:227,12,0,0
BRDA:227,12,1,0
BRF:26
BRH:0
end_of_record
TN:
SF:src\pages\Terms.tsx
FN:8,Terms
FNF:1
FNH:0
FNDA:0,Terms
DA:9,0
DA:11,0
LF:2
LH:0
BRF:0
BRH:0
end_of_record
TN:
SF:src\pages\TripPlanner.tsx
FN:52,TripPlanner
FN:87,(anonymous_1)
FN:99,(anonymous_2)
FN:99,(anonymous_3)
FN:111,(anonymous_4)
FN:118,(anonymous_5)
FN:119,(anonymous_6)
FN:122,(anonymous_7)
FN:123,(anonymous_8)
FN:125,(anonymous_9)
FN:130,(anonymous_10)
FN:141,(anonymous_11)
FN:221,(anonymous_12)
FN:231,(anonymous_13)
FN:256,(anonymous_14)
FN:261,(anonymous_15)
FN:274,(anonymous_16)
FN:286,(anonymous_17)
FN:304,(anonymous_18)
FN:309,(anonymous_19)
FN:330,(anonymous_20)
FN:338,(anonymous_21)
FN:360,(anonymous_22)
FN:368,(anonymous_23)
FN:459,(anonymous_24)
FN:466,(anonymous_25)
FN:466,(anonymous_26)
FN:479,(anonymous_27)
FN:488,(anonymous_28)
FN:508,(anonymous_29)
FN:509,(anonymous_30)
FN:606,(anonymous_31)
FN:626,(anonymous_32)
FN:647,(anonymous_33)
FN:672,(anonymous_34)
FN:690,(anonymous_35)
FN:697,(anonymous_36)
FN:701,(anonymous_37)
FNF:38
FNH:0
FNDA:0,TripPlanner
FNDA:0,(anonymous_1)
FNDA:0,(anonymous_2)
FNDA:0,(anonymous_3)
FNDA:0,(anonymous_4)
FNDA:0,(anonymous_5)
FNDA:0,(anonymous_6)
FNDA:0,(anonymous_7)
FNDA:0,(anonymous_8)
FNDA:0,(anonymous_9)
FNDA:0,(anonymous_10)
FNDA:0,(anonymous_11)
FNDA:0,(anonymous_12)
FNDA:0,(anonymous_13)
FNDA:0,(anonymous_14)
FNDA:0,(anonymous_15)
FNDA:0,(anonymous_16)
FNDA:0,(anonymous_17)
FNDA:0,(anonymous_18)
FNDA:0,(anonymous_19)
FNDA:0,(anonymous_20)
FNDA:0,(anonymous_21)
FNDA:0,(anonymous_22)
FNDA:0,(anonymous_23)
FNDA:0,(anonymous_24)
FNDA:0,(anonymous_25)
FNDA:0,(anonymous_26)
FNDA:0,(anonymous_27)
FNDA:0,(anonymous_28)
FNDA:0,(anonymous_29)
FNDA:0,(anonymous_30)
FNDA:0,(anonymous_31)
FNDA:0,(anonymous_32)
FNDA:0,(anonymous_33)
FNDA:0,(anonymous_34)
FNDA:0,(anonymous_35)
FNDA:0,(anonymous_36)
FNDA:0,(anonymous_37)
DA:53,0
DA:54,0
DA:70,0
DA:73,0
DA:74,0
DA:75,0
DA:76,0
DA:77,0
DA:78,0
DA:79,0
DA:80,0
DA:81,0
DA:82,0
DA:83,0
DA:85,0
DA:87,0
DA:88,0
DA:89,0
DA:90,0
DA:93,0
DA:99,0
DA:104,0
DA:105,0
DA:107,0
DA:111,0
DA:112,0
DA:113,0
DA:114,0
DA:118,0
DA:119,0
DA:122,0
DA:123,0
DA:124,0
DA:125,0
DA:130,0
DA:131,0
DA:132,0
DA:133,0
DA:134,0
DA:135,0
DA:136,0
DA:137,0
DA:141,0
DA:142,0
DA:143,0
DA:144,0
DA:145,0
DA:146,0
DA:147,0
DA:148,0
DA:152,0
DA:160,0
DA:221,0
DA:231,0
DA:256,0
DA:262,0
DA:274,0
DA:286,0
DA:305,0
DA:309,0
DA:331,0
DA:338,0
DA:361,0
DA:368,0
DA:459,0
DA:466,0
DA:480,0
DA:481,0
DA:482,0
DA:484,0
DA:488,0
DA:508,0
DA:510,0
DA:607,0
DA:627,0
DA:647,0
DA:673,0
DA:690,0
DA:698,0
DA:701,0
LF:80
LH:0
BRDA:88,0,0,0
BRDA:88,0,1,0
BRDA:99,1,0,0
BRDA:99,1,1,0
BRDA:99,2,0,0
BRDA:99,2,1,0
BRDA:113,3,0,0
BRDA:113,3,1,0
BRDA:124,4,0,0
BRDA:124,4,1,0
BRDA:131,5,0,0
BRDA:131,5,1,0
BRDA:131,5,2,0
BRDA:131,5,3,0
BRDA:131,5,4,0
BRDA:131,5,5,0
BRDA:142,6,0,0
BRDA:142,6,1,0
BRDA:142,6,2,0
BRDA:142,6,3,0
BRDA:142,6,4,0
BRDA:142,6,5,0
BRDA:192,7,0,0
BRDA:192,7,1,0
BRDA:236,8,0,0
BRDA:236,8,1,0
BRDA:238,9,0,0
BRDA:238,9,1,0
BRDA:263,10,0,0
BRDA:263,10,1,0
BRDA:279,11,0,0
BRDA:279,11,1,0
BRDA:307,12,0,0
BRDA:307,12,1,0
BRDA:312,13,0,0
BRDA:312,13,1,0
BRDA:334,14,0,0
BRDA:334,14,1,0
BRDA:342,15,0,0
BRDA:342,15,1,0
BRDA:364,16,0,0
BRDA:364,16,1,0
BRDA:372,17,0,0
BRDA:372,17,1,0
BRDA:394,18,0,0
BRDA:394,18,1,0
BRDA:397,19,0,0
BRDA:397,19,1,0
BRDA:410,20,0,0
BRDA:410,20,1,0
BRDA:427,21,0,0
BRDA:427,21,1,0
BRDA:444,22,0,0
BRDA:444,22,1,0
BRDA:450,23,0,0
BRDA:450,23,1,0
BRDA:477,24,0,0
BRDA:477,24,1,0
BRDA:477,25,0,0
BRDA:477,25,1,0
BRDA:492,26,0,0
BRDA:492,26,1,0
BRDA:500,27,0,0
BRDA:500,27,1,0
BRDA:504,28,0,0
BRDA:504,28,1,0
BRDA:518,29,0,0
BRDA:518,29,1,0
BRDA:526,30,0,0
BRDA:526,30,1,0
BRDA:530,31,0,0
BRDA:530,31,1,0
BRDA:531,32,0,0
BRDA:531,32,1,0
BRDA:539,33,0,0
BRDA:539,33,1,0
BRDA:545,34,0,0
BRDA:545,34,1,0
BRDA:551,35,0,0
BRDA:551,35,1,0
BRDA:554,36,0,0
BRDA:554,36,1,0
BRDA:560,37,0,0
BRDA:560,37,1,0
BRDA:565,38,0,0
BRDA:565,38,1,0
BRDA:590,39,0,0
BRDA:590,39,1,0
BRDA:590,39,2,0
BRDA:596,40,0,0
BRDA:596,40,1,0
BRDA:596,40,2,0
BRDA:616,41,0,0
BRDA:616,41,1,0
BRDA:616,41,2,0
BRDA:657,42,0,0
BRDA:657,42,1,0
BRDA:670,43,0,0
BRDA:670,43,1,0
BRDA:682,44,0,0
BRDA:682,44,1,0
BRDA:706,45,0,0
BRDA:706,45,1,0
BRDA:723,46,0,0
BRDA:723,46,1,0
BRF:105
BRH:0
end_of_record
TN:
SF:src\pages\UploadCreatives.tsx
FN:24,UploadCreatives
FN:33,(anonymous_1)
FN:39,(anonymous_2)
FN:81,(anonymous_3)
FN:89,(anonymous_4)
FN:139,(anonymous_5)
FN:180,(anonymous_6)
FN:182,(anonymous_7)
FN:189,(anonymous_8)
FNF:9
FNH:0
FNDA:0,UploadCreatives
FNDA:0,(anonymous_1)
FNDA:0,(anonymous_2)
FNDA:0,(anonymous_3)
FNDA:0,(anonymous_4)
FNDA:0,(anonymous_5)
FNDA:0,(anonymous_6)
FNDA:0,(anonymous_7)
FNDA:0,(anonymous_8)
DA:25,0
DA:26,0
DA:27,0
DA:28,0
DA:29,0
DA:30,0
DA:31,0
DA:33,0
DA:34,0
DA:35,0
DA:39,0
DA:40,0
DA:41,0
DA:42,0
DA:51,0
DA:53,0
DA:54,0
DA:59,0
DA:60,0
DA:63,0
DA:66,0
DA:67,0
DA:70,0
DA:71,0
DA:77,0
DA:81,0
DA:82,0
DA:86,0
DA:89,0
DA:90,0
DA:95,0
DA:98,0
DA:99,0
DA:107,0
DA:108,0
DA:119,0
DA:121,0
DA:122,0
DA:133,0
DA:139,0
DA:180,0
DA:183,0
DA:190,0
LF:43
LH:0
BRDA:34,0,0,0
BRDA:34,0,1,0
BRDA:51,1,0,0
BRDA:51,1,1,0
BRDA:53,2,0,0
BRDA:53,2,1,0
BRDA:66,3,0,0
BRDA:66,3,1,0
BRDA:66,4,0,0
BRDA:66,4,1,0
BRDA:98,5,0,0
BRDA:98,5,1,0
BRDA:107,6,0,0
BRDA:107,6,1,0
BRDA:119,7,0,0
BRDA:119,7,1,0
BRDA:121,8,0,0
BRDA:121,8,1,0
BRDA:163,9,0,0
BRDA:163,9,1,0
BRDA:180,10,0,0
BRDA:180,10,1,0
BRF:22
BRH:0
end_of_record
TN:
SF:src\pages\UserDashboard.tsx
FN:41,UserDashboard
FN:51,(anonymous_1)
FN:59,(anonymous_2)
FN:72,(anonymous_3)
FN:85,(anonymous_4)
FN:102,(anonymous_5)
FN:242,(anonymous_6)
FN:257,(anonymous_7)
FN:290,(anonymous_8)
FN:298,(anonymous_9)
FN:341,(anonymous_10)
FN:384,(anonymous_11)
FN:411,(anonymous_12)
FNF:13
FNH:0
FNDA:0,UserDashboard
FNDA:0,(anonymous_1)
FNDA:0,(anonymous_2)
FNDA:0,(anonymous_3)
FNDA:0,(anonymous_4)
FNDA:0,(anonymous_5)
FNDA:0,(anonymous_6)
FNDA:0,(anonymous_7)
FNDA:0,(anonymous_8)
FNDA:0,(anonymous_9)
FNDA:0,(anonymous_10)
FNDA:0,(anonymous_11)
FNDA:0,(anonymous_12)
DA:42,0
DA:43,0
DA:44,0
DA:45,0
DA:46,0
DA:47,0
DA:48,0
DA:49,0
DA:51,0
DA:53,0
DA:54,0
DA:55,0
DA:59,0
DA:60,0
DA:62,0
DA:64,0
DA:66,0
DA:68,0
DA:72,0
DA:73,0
DA:75,0
DA:77,0
DA:79,0
DA:81,0
DA:85,0
DA:86,0
DA:87,0
DA:88,0
DA:92,0
DA:102,0
DA:242,0
DA:257,0
DA:290,0
DA:298,0
DA:342,0
DA:384,0
DA:411,0
LF:37
LH:0
BRDA:54,0,0,0
BRDA:54,0,1,0
BRDA:60,1,0,0
BRDA:60,1,1,0
BRDA:60,1,2,0
BRDA:60,1,3,0
BRDA:73,2,0,0
BRDA:73,2,1,0
BRDA:73,2,2,0
BRDA:73,2,3,0
BRDA:156,3,0,0
BRDA:156,3,1,0
BRDA:160,4,0,0
BRDA:160,4,1,0
BRDA:161,5,0,0
BRDA:161,5,1,0
BRDA:162,6,0,0
BRDA:162,6,1,0
BRDA:169,7,0,0
BRDA:169,7,1,0
BRDA:169,8,0,0
BRDA:169,8,1,0
BRDA:170,9,0,0
BRDA:170,9,1,0
BRDA:177,10,0,0
BRDA:177,10,1,0
BRDA:178,11,0,0
BRDA:178,11,1,0
BRDA:183,12,0,0
BRDA:183,12,1,0
BRDA:194,13,0,0
BRDA:194,13,1,0
BRDA:194,13,2,0
BRDA:209,14,0,0
BRDA:209,14,1,0
BRDA:209,14,2,0
BRDA:211,15,0,0
BRDA:211,15,1,0
BRDA:213,16,0,0
BRDA:213,16,1,0
BRDA:228,17,0,0
BRDA:228,17,1,0
BRDA:242,18,0,0
BRDA:242,18,1,0
BRDA:257,19,0,0
BRDA:257,19,1,0
BRDA:274,20,0,0
BRDA:274,20,1,0
BRDA:334,21,0,0
BRDA:334,21,1,0
BRDA:339,22,0,0
BRDA:339,22,1,0
BRDA:339,23,0,0
BRDA:339,23,1,0
BRDA:350,24,0,0
BRDA:350,24,1,0
BRDA:367,25,0,0
BRDA:367,25,1,0
BRF:58
BRH:0
end_of_record
TN:
SF:src\pages\WeekendPage.tsx
FN:6,WeekendPage
FNF:1
FNH:0
FNDA:0,WeekendPage
DA:7,0
LF:1
LH:0
BRF:0
BRH:0
end_of_record
TN:
SF:src\types\crm.ts
FNF:0
FNH:0
LF:0
LH:0
BRF:0
BRH:0
end_of_record
TN:
SF:src\types\event-promotion.ts
FNF:0
FNH:0
LF:0
LH:0
BRF:0
BRH:0
end_of_record
TN:
SF:src\types\jsx-augment.d.ts
FNF:0
FNH:0
LF:0
LH:0
BRF:0
BRH:0
end_of_record
TN:
SF:src\types\preferences.ts
FNF:0
FNH:0
DA:132,0
DA:182,0
DA:229,0
LF:3
LH:0
BRF:0
BRH:0
end_of_record
